2018-11-22 21:57:14,715 [main] INFO (StartupInfoLogger.java:48)- Starting Application on N5RAIK9YN90FD4N with PID 5324 (started by Administrator in E:\新建文件夹\dianc\QiHeiDeHuaZhiGouHuo-spring-2-master\spring-2)
2018-11-22 21:57:14,775 [main] INFO (SpringApplication.java:593)- No active profile set, falling back to default profiles: default
2018-11-22 21:57:14,892 [main] INFO (AbstractApplicationContext.java:583)- Refreshing org.springframework.boot.context.embedded.AnnotationConfigEmbeddedWebApplicationContext@6ef888f6: startup date [Thu Nov 22 21:57:14 CST 2018]; root of context hierarchy
2018-11-22 21:57:16,404 [main] INFO (XmlBeanDefinitionReader.java:317)- Loading XML bean definitions from file [E:\新建文件夹\dianc\QiHeiDeHuaZhiGouHuo-spring-2-master\spring-2\target\classes\spring\spring-aop.xml]
2018-11-22 21:57:16,529 [main] INFO (XmlBeanDefinitionReader.java:317)- Loading XML bean definitions from file [E:\新建文件夹\dianc\QiHeiDeHuaZhiGouHuo-spring-2-master\spring-2\target\classes\spring\spring-mvc.xml]
2018-11-22 21:57:16,886 [main] INFO (RepositoryConfigurationDelegate.java:165)- Multiple Spring Data modules found, entering strict repository configuration mode!
2018-11-22 21:57:17,584 [main] INFO (PostProcessorRegistrationDelegate.java:325)- Bean 'commonConfig' of type [com.example.demo.config.bean.CommonConfig$$EnhancerBySpringCGLIB$$ee863745] is not eligible for getting processed by all BeanPostProcessors (for example: not eligible for auto-proxying)
2018-11-22 21:57:17,637 [main] INFO (PostProcessorRegistrationDelegate.java:325)- Bean 'messageSource' of type [org.springframework.context.support.ReloadableResourceBundleMessageSource] is not eligible for getting processed by all BeanPostProcessors (for example: not eligible for auto-proxying)
2018-11-22 21:57:17,772 [main] INFO (PostProcessorRegistrationDelegate.java:325)- Bean 'validator' of type [org.springframework.validation.beanvalidation.LocalValidatorFactoryBean] is not eligible for getting processed by all BeanPostProcessors (for example: not eligible for auto-proxying)
2018-11-22 21:57:17,809 [main] INFO (PostProcessorRegistrationDelegate.java:325)- Bean 'org.springframework.amqp.rabbit.annotation.RabbitBootstrapConfiguration' of type [org.springframework.amqp.rabbit.annotation.RabbitBootstrapConfiguration$$EnhancerBySpringCGLIB$$3d2acf75] is not eligible for getting processed by all BeanPostProcessors (for example: not eligible for auto-proxying)
2018-11-22 21:57:18,834 [main] INFO (TomcatEmbeddedServletContainer.java:89)- Tomcat initialized with port(s): 8080 (http)
2018-11-22 21:57:18,860 [main] INFO (DirectJDKLog.java:179)- Starting service [Tomcat]
2018-11-22 21:57:18,862 [main] INFO (DirectJDKLog.java:179)- Starting Servlet Engine: Apache Tomcat/8.5.15
2018-11-22 21:57:19,124 [localhost-startStop-1] INFO (DirectJDKLog.java:179)- Initializing Spring embedded WebApplicationContext
2018-11-22 21:57:19,125 [localhost-startStop-1] INFO (EmbeddedWebApplicationContext.java:276)- Root WebApplicationContext: initialization completed in 4234 ms
2018-11-22 21:57:19,488 [localhost-startStop-1] INFO (ServletRegistrationBean.java:190)- Mapping servlet: 'dispatcherServlet' to [/]
2018-11-22 21:57:19,490 [localhost-startStop-1] INFO (ServletRegistrationBean.java:190)- Mapping servlet: 'statViewServlet' to [/druid/*]
2018-11-22 21:57:19,497 [localhost-startStop-1] INFO (AbstractFilterRegistrationBean.java:258)- Mapping filter: 'characterEncodingFilter' to: [/*]
2018-11-22 21:57:19,498 [localhost-startStop-1] INFO (AbstractFilterRegistrationBean.java:258)- Mapping filter: 'hiddenHttpMethodFilter' to: [/*]
2018-11-22 21:57:19,499 [localhost-startStop-1] INFO (AbstractFilterRegistrationBean.java:258)- Mapping filter: 'httpPutFormContentFilter' to: [/*]
2018-11-22 21:57:19,499 [localhost-startStop-1] INFO (AbstractFilterRegistrationBean.java:258)- Mapping filter: 'requestContextFilter' to: [/*]
2018-11-22 21:57:19,500 [localhost-startStop-1] INFO (AbstractFilterRegistrationBean.java:271)- Mapping filter: 'webStatFilter' to urls: [/*]
2018-11-22 21:57:19,500 [localhost-startStop-1] INFO (AbstractFilterRegistrationBean.java:258)- Mapping filter: 'webContextFilter' to: [/*]
2018-11-22 21:57:23,219 [main] INFO (RequestMappingHandlerAdapter.java:534)- Looking for @ControllerAdvice: org.springframework.boot.context.embedded.AnnotationConfigEmbeddedWebApplicationContext@6ef888f6: startup date [Thu Nov 22 21:57:14 CST 2018]; root of context hierarchy
2018-11-22 21:57:23,381 [main] INFO (AbstractHandlerMethodMapping.java:543)- Mapped "{[/admin/login],methods=[GET]}" onto public com.example.demo.config.bean.entity.ResultMap com.example.demo.controller.AdminController.login(java.lang.String,java.lang.String)
2018-11-22 21:57:23,385 [main] INFO (AbstractHandlerMethodMapping.java:543)- Mapped "{[/customer/select/one/by/phone],methods=[GET]}" onto public com.example.demo.config.bean.entity.ResultMap com.example.demo.controller.CustomerController.selectCusmByPhone(java.lang.String)
2018-11-22 21:57:23,386 [main] INFO (AbstractHandlerMethodMapping.java:543)- Mapped "{[/customer/select/all/for/cusm],methods=[GET]}" onto public com.example.demo.config.bean.entity.ResultMap com.example.demo.controller.CustomerController.selectAllCustomer(java.lang.Integer,java.lang.Integer)
2018-11-22 21:57:23,388 [main] INFO (AbstractHandlerMethodMapping.java:543)- Mapped "{[/customer/update/status],methods=[GET]}" onto public com.example.demo.config.bean.entity.ResultMap com.example.demo.controller.CustomerController.updateCusmStatue(java.lang.String,java.lang.Integer)
2018-11-22 21:57:23,391 [main] INFO (AbstractHandlerMethodMapping.java:543)- Mapped "{[/file/upload/a/multipart/file],methods=[POST]}" onto public com.example.demo.config.bean.entity.ResultMap com.example.demo.controller.FileUploadController.aMultipartFile(org.springframework.web.multipart.MultipartFile)
2018-11-22 21:57:23,395 [main] INFO (AbstractHandlerMethodMapping.java:543)- Mapped "{[/food/update],methods=[POST]}" onto public com.example.demo.config.bean.entity.ResultMap com.example.demo.controller.FoodController.update(java.lang.String,java.lang.String,java.lang.String,java.lang.Double,java.lang.String,java.lang.String,java.lang.Integer,java.lang.Integer,java.lang.String,java.lang.String,java.lang.String)
2018-11-22 21:57:23,396 [main] INFO (AbstractHandlerMethodMapping.java:543)- Mapped "{[/food/delete/one/by/id],methods=[POST]}" onto public com.example.demo.config.bean.entity.ResultMap com.example.demo.controller.FoodController.delete(java.lang.String)
2018-11-22 21:57:23,397 [main] INFO (AbstractHandlerMethodMapping.java:543)- Mapped "{[/food/create],methods=[POST]}" onto public com.example.demo.config.bean.entity.ResultMap com.example.demo.controller.FoodController.create(java.lang.String,java.lang.String,java.lang.Double,java.lang.String,java.lang.String,java.lang.Integer,java.lang.Integer,java.lang.String,java.lang.String,java.lang.String)
2018-11-22 21:57:23,397 [main] INFO (AbstractHandlerMethodMapping.java:543)- Mapped "{[/food/select/all],methods=[GET]}" onto public com.example.demo.config.bean.entity.ResultMap com.example.demo.controller.FoodController.selectAll()
2018-11-22 21:57:23,398 [main] INFO (AbstractHandlerMethodMapping.java:543)- Mapped "{[/food/select/one/by/id],methods=[GET]}" onto public com.example.demo.config.bean.entity.ResultMap com.example.demo.controller.FoodController.selectOneById(java.lang.String)
2018-11-22 21:57:23,399 [main] INFO (AbstractHandlerMethodMapping.java:543)- Mapped "{[/food/select/all/for/sys],methods=[GET]}" onto public com.example.demo.config.bean.entity.ResultMap com.example.demo.controller.FoodController.selectAllForSys(java.lang.Integer,java.lang.Integer)
2018-11-22 21:57:23,408 [main] INFO (AbstractHandlerMethodMapping.java:543)- Mapped "{[/menu/classify/update],methods=[POST]}" onto public com.example.demo.config.bean.entity.ResultMap com.example.demo.controller.MenuClassifyController.update(java.lang.String,java.lang.String,java.lang.Integer)
2018-11-22 21:57:23,409 [main] INFO (AbstractHandlerMethodMapping.java:543)- Mapped "{[/menu/classify/delete],methods=[POST]}" onto public com.example.demo.config.bean.entity.ResultMap com.example.demo.controller.MenuClassifyController.delete(java.lang.String)
2018-11-22 21:57:23,410 [main] INFO (AbstractHandlerMethodMapping.java:543)- Mapped "{[/menu/classify/create],methods=[POST]}" onto public com.example.demo.config.bean.entity.ResultMap com.example.demo.controller.MenuClassifyController.create(java.lang.String,java.lang.Integer)
2018-11-22 21:57:23,410 [main] INFO (AbstractHandlerMethodMapping.java:543)- Mapped "{[/menu/classify/select/all],methods=[GET]}" onto public com.example.demo.config.bean.entity.ResultMap com.example.demo.controller.MenuClassifyController.selectAll()
2018-11-22 21:57:23,411 [main] INFO (AbstractHandlerMethodMapping.java:543)- Mapped "{[/menu/classify/select/one/by/id],methods=[GET]}" onto public com.example.demo.config.bean.entity.ResultMap com.example.demo.controller.MenuClassifyController.selectOneById(java.lang.String)
2018-11-22 21:57:23,412 [main] INFO (AbstractHandlerMethodMapping.java:543)- Mapped "{[/menu/classify/select/all/for/sys],methods=[GET]}" onto public com.example.demo.config.bean.entity.ResultMap com.example.demo.controller.MenuClassifyController.selectAllForSys(java.lang.Integer,java.lang.Integer)
2018-11-22 21:57:23,416 [main] INFO (AbstractHandlerMethodMapping.java:543)- Mapped "{[/order/form/update],methods=[POST]}" onto public com.example.demo.config.bean.entity.ResultMap com.example.demo.controller.OrderFormController.update(java.lang.String,java.lang.Integer)
2018-11-22 21:57:23,417 [main] INFO (AbstractHandlerMethodMapping.java:543)- Mapped "{[/order/form/create],methods=[POST]}" onto public com.example.demo.config.bean.entity.ResultMap com.example.demo.controller.OrderFormController.create(com.example.demo.pojo.po.OrderFormPo,java.lang.String)
2018-11-22 21:57:23,417 [main] INFO (AbstractHandlerMethodMapping.java:543)- Mapped "{[/order/form/select/all],methods=[GET]}" onto public com.example.demo.config.bean.entity.ResultMap com.example.demo.controller.OrderFormController.selectAll(java.lang.String,java.lang.Boolean,java.lang.String,java.lang.Integer,java.lang.Integer)
2018-11-22 21:57:23,418 [main] INFO (AbstractHandlerMethodMapping.java:543)- Mapped "{[/order/form/select/one/by/id],methods=[GET]}" onto public com.example.demo.config.bean.entity.ResultMap com.example.demo.controller.OrderFormController.selectOneById(java.lang.String)
2018-11-22 21:57:23,419 [main] INFO (AbstractHandlerMethodMapping.java:543)- Mapped "{[/order/form/wx/notify],methods=[GET || POST]}" onto public java.lang.Object com.example.demo.controller.OrderFormController.wxNotify()
2018-11-22 21:57:23,420 [main] INFO (AbstractHandlerMethodMapping.java:543)- Mapped "{[/phone/code/check/for/{business}],methods=[GET]}" onto public java.lang.Object com.example.demo.controller.PhoneCodeController.checkForBusiness(java.lang.String,java.lang.String,java.lang.String,java.lang.String)
2018-11-22 21:57:23,421 [main] INFO (AbstractHandlerMethodMapping.java:543)- Mapped "{[/phone/code/send/for/{business}],methods=[GET]}" onto public java.lang.Object com.example.demo.controller.PhoneCodeController.sendForBusiness(java.lang.String,java.lang.String,java.lang.String)
2018-11-22 21:57:23,424 [main] INFO (AbstractHandlerMethodMapping.java:543)- Mapped "{[/sys/menu/first/update],methods=[POST]}" onto public com.example.demo.config.bean.entity.ResultMap com.example.demo.controller.SysMenuFirstController.update(java.lang.String,java.lang.String,java.lang.Integer)
2018-11-22 21:57:23,425 [main] INFO (AbstractHandlerMethodMapping.java:543)- Mapped "{[/sys/menu/first/delete],methods=[POST]}" onto public com.example.demo.config.bean.entity.ResultMap com.example.demo.controller.SysMenuFirstController.delete(java.lang.String)
2018-11-22 21:57:23,426 [main] INFO (AbstractHandlerMethodMapping.java:543)- Mapped "{[/sys/menu/first/create],methods=[POST]}" onto public com.example.demo.config.bean.entity.ResultMap com.example.demo.controller.SysMenuFirstController.create(java.lang.String,java.lang.Integer)
2018-11-22 21:57:23,427 [main] INFO (AbstractHandlerMethodMapping.java:543)- Mapped "{[/sys/menu/first/select/all],methods=[GET]}" onto public com.example.demo.config.bean.entity.ResultMap com.example.demo.controller.SysMenuFirstController.selectAll()
2018-11-22 21:57:23,430 [main] INFO (AbstractHandlerMethodMapping.java:543)- Mapped "{[/sys/menu/second/update],methods=[POST]}" onto public com.example.demo.config.bean.entity.ResultMap com.example.demo.controller.SysMenuSecondController.update(java.lang.String,java.lang.String,java.lang.String,java.lang.String,java.lang.Integer)
2018-11-22 21:57:23,431 [main] INFO (AbstractHandlerMethodMapping.java:543)- Mapped "{[/sys/menu/second/delete],methods=[POST]}" onto public com.example.demo.config.bean.entity.ResultMap com.example.demo.controller.SysMenuSecondController.delete(java.lang.String)
2018-11-22 21:57:23,432 [main] INFO (AbstractHandlerMethodMapping.java:543)- Mapped "{[/sys/menu/second/create],methods=[POST]}" onto public com.example.demo.config.bean.entity.ResultMap com.example.demo.controller.SysMenuSecondController.create(java.lang.String,java.lang.String,java.lang.String,java.lang.Integer)
2018-11-22 21:57:23,433 [main] INFO (AbstractHandlerMethodMapping.java:543)- Mapped "{[/sys/menu/second/select/all],methods=[GET]}" onto public com.example.demo.config.bean.entity.ResultMap com.example.demo.controller.SysMenuSecondController.selectAll()
2018-11-22 21:57:23,435 [main] INFO (AbstractHandlerMethodMapping.java:543)- Mapped "{[/test],methods=[GET]}" onto public java.lang.Object com.example.demo.controller.TestController.test()
2018-11-22 21:57:23,436 [main] INFO (AbstractHandlerMethodMapping.java:543)- Mapped "{[/xxx],methods=[GET]}" onto public java.lang.Object com.example.demo.controller.TestController.xxx(javax.servlet.http.HttpServletRequest,java.util.Map<java.lang.String, java.lang.Object>)
2018-11-22 21:57:23,437 [main] INFO (AbstractHandlerMethodMapping.java:543)- Mapped "{[/ddd],methods=[GET]}" onto public java.lang.Object com.example.demo.controller.TestController.ddd(javax.servlet.http.HttpServletRequest,java.util.Map<java.lang.String, java.lang.Object>)
2018-11-22 21:57:23,439 [main] INFO (AbstractHandlerMethodMapping.java:543)- Mapped "{[/user/update],methods=[POST]}" onto public com.example.demo.config.bean.entity.ResultMap com.example.demo.controller.UserController.update(java.lang.String,java.lang.String,java.lang.String,java.lang.String)
2018-11-22 21:57:23,440 [main] INFO (AbstractHandlerMethodMapping.java:543)- Mapped "{[/user/login],methods=[POST]}" onto public com.example.demo.config.bean.entity.ResultMap com.example.demo.controller.UserController.login(java.lang.String,java.lang.String,java.lang.String,java.lang.String)
2018-11-22 21:57:23,441 [main] INFO (AbstractHandlerMethodMapping.java:543)- Mapped "{[/user/select/all],methods=[GET]}" onto public com.example.demo.config.bean.entity.ResultMap com.example.demo.controller.UserController.selectAll(java.lang.Integer,java.lang.Integer)
2018-11-22 21:57:23,442 [main] INFO (AbstractHandlerMethodMapping.java:543)- Mapped "{[/user/select/user/by/id],methods=[GET]}" onto public com.example.demo.config.bean.entity.ResultMap com.example.demo.controller.UserController.selectUserById(java.lang.String)
2018-11-22 21:57:23,454 [main] INFO (AbstractHandlerMethodMapping.java:543)- Mapped "{[/error]}" onto public org.springframework.http.ResponseEntity<java.util.Map<java.lang.String, java.lang.Object>> org.springframework.boot.autoconfigure.web.BasicErrorController.error(javax.servlet.http.HttpServletRequest)
2018-11-22 21:57:23,455 [main] INFO (AbstractHandlerMethodMapping.java:543)- Mapped "{[/error],produces=[text/html]}" onto public org.springframework.web.servlet.ModelAndView org.springframework.boot.autoconfigure.web.BasicErrorController.errorHtml(javax.servlet.http.HttpServletRequest,javax.servlet.http.HttpServletResponse)
2018-11-22 21:57:23,498 [main] INFO (AbstractUrlHandlerMapping.java:349)- Root mapping to handler of type [class org.springframework.web.servlet.mvc.ParameterizableViewController]
2018-11-22 21:57:23,535 [main] INFO (AbstractUrlHandlerMapping.java:362)- Mapped URL path [/webjars/**] onto handler of type [class org.springframework.web.servlet.resource.ResourceHttpRequestHandler]
2018-11-22 21:57:23,535 [main] INFO (AbstractUrlHandlerMapping.java:362)- Mapped URL path [/**] onto handler of type [class org.springframework.web.servlet.resource.ResourceHttpRequestHandler]
2018-11-22 21:57:23,573 [main] INFO (ExceptionHandlerExceptionResolver.java:273)- Detected @ExceptionHandler methods in controllerAdviceController
2018-11-22 21:57:23,676 [main] INFO (AbstractUrlHandlerMapping.java:362)- Mapped URL path [/**/favicon.ico] onto handler of type [class org.springframework.web.servlet.resource.ResourceHttpRequestHandler]
2018-11-22 21:57:23,737 [main] INFO (WebMvcAutoConfiguration.java:549)- Adding welcome page: class path resource [static/index.html]
2018-11-22 21:57:24,803 [main] INFO (MBeanExporter.java:431)- Registering beans for JMX exposure on startup
2018-11-22 21:57:24,806 [main] INFO (MBeanExporter.java:916)- Bean with name 'dataSource' has been autodetected for JMX exposure
2018-11-22 21:57:24,818 [main] INFO (MBeanExporter.java:916)- Bean with name 'rabbitConnectionFactory' has been autodetected for JMX exposure
2018-11-22 21:57:24,822 [main] INFO (MBeanExporter.java:671)- Located MBean 'dataSource': registering with JMX server as MBean [com.alibaba.druid.pool:name=dataSource,type=DruidDataSource]
2018-11-22 21:57:24,843 [main] INFO (MBeanExporter.java:678)- Located managed bean 'rabbitConnectionFactory': registering with JMX server as MBean [org.springframework.amqp.rabbit.connection:name=rabbitConnectionFactory,type=CachingConnectionFactory]
2018-11-22 21:57:24,887 [main] INFO (DefaultLifecycleProcessor.java:343)- Starting beans in phase -2147482648
2018-11-22 21:57:24,888 [main] INFO (DefaultLifecycleProcessor.java:343)- Starting beans in phase 2147483647
2018-11-22 21:57:25,401 [main] INFO (TomcatEmbeddedServletContainer.java:201)- Tomcat started on port(s): 8080 (http)
2018-11-22 21:57:25,414 [main] INFO (StartupInfoLogger.java:57)- Started Application in 11.167 seconds (JVM running for 12.078)
2018-11-22 21:57:25,415 [main] INFO (Application.java:17)- 启动完毕...
2018-11-22 22:00:01,836 [http-nio-8080-exec-1] INFO (DirectJDKLog.java:179)- Initializing Spring FrameworkServlet 'dispatcherServlet'
2018-11-22 22:00:01,837 [http-nio-8080-exec-1] INFO (FrameworkServlet.java:489)- FrameworkServlet 'dispatcherServlet': initialization started
2018-11-22 22:00:01,885 [http-nio-8080-exec-1] INFO (FrameworkServlet.java:508)- FrameworkServlet 'dispatcherServlet': initialization completed in 48 ms
2018-11-22 22:00:02,351 [http-nio-8080-exec-1] INFO (DruidDataSource.java:847)- {dataSource-1} inited
