2018-12-22 21:25:28,681 [main] INFO (StartupInfoLogger.java:48)- Starting Application on N5RAIK9YN90FD4N with PID 5780 (started by Administrator in E:\新建文件夹\dianc\QiHeiDeHuaZhiGouHuo-spring-2-master\spring-2)
2018-12-22 21:25:28,798 [main] INFO (SpringApplication.java:593)- No active profile set, falling back to default profiles: default
2018-12-22 21:25:29,144 [main] INFO (AbstractApplicationContext.java:583)- Refreshing org.springframework.boot.context.embedded.AnnotationConfigEmbeddedWebApplicationContext@6e01f9b0: startup date [Sat Dec 22 21:25:29 CST 2018]; root of context hierarchy
2018-12-22 21:25:30,919 [main] INFO (XmlBeanDefinitionReader.java:317)- Loading XML bean definitions from file [E:\新建文件夹\dianc\QiHeiDeHuaZhiGouHuo-spring-2-master\spring-2\target\classes\spring\spring-aop.xml]
2018-12-22 21:25:31,154 [main] INFO (XmlBeanDefinitionReader.java:317)- Loading XML bean definitions from file [E:\新建文件夹\dianc\QiHeiDeHuaZhiGouHuo-spring-2-master\spring-2\target\classes\spring\spring-mvc.xml]
2018-12-22 21:25:31,604 [main] INFO (RepositoryConfigurationDelegate.java:165)- Multiple Spring Data modules found, entering strict repository configuration mode!
2018-12-22 21:25:32,401 [main] INFO (PostProcessorRegistrationDelegate.java:325)- Bean 'commonConfig' of type [com.example.demo.config.bean.CommonConfig$$EnhancerBySpringCGLIB$$d1ea998d] is not eligible for getting processed by all BeanPostProcessors (for example: not eligible for auto-proxying)
2018-12-22 21:25:32,465 [main] INFO (PostProcessorRegistrationDelegate.java:325)- Bean 'messageSource' of type [org.springframework.context.support.ReloadableResourceBundleMessageSource] is not eligible for getting processed by all BeanPostProcessors (for example: not eligible for auto-proxying)
2018-12-22 21:25:32,615 [main] INFO (PostProcessorRegistrationDelegate.java:325)- Bean 'validator' of type [org.springframework.validation.beanvalidation.LocalValidatorFactoryBean] is not eligible for getting processed by all BeanPostProcessors (for example: not eligible for auto-proxying)
2018-12-22 21:25:32,669 [main] INFO (PostProcessorRegistrationDelegate.java:325)- Bean 'org.springframework.amqp.rabbit.annotation.RabbitBootstrapConfiguration' of type [org.springframework.amqp.rabbit.annotation.RabbitBootstrapConfiguration$$EnhancerBySpringCGLIB$$208f31bd] is not eligible for getting processed by all BeanPostProcessors (for example: not eligible for auto-proxying)
2018-12-22 21:25:33,699 [main] INFO (TomcatEmbeddedServletContainer.java:89)- Tomcat initialized with port(s): 8080 (http)
2018-12-22 21:25:33,732 [main] INFO (DirectJDKLog.java:179)- Starting service [Tomcat]
2018-12-22 21:25:33,732 [main] INFO (DirectJDKLog.java:179)- Starting Servlet Engine: Apache Tomcat/8.5.15
2018-12-22 21:25:34,013 [localhost-startStop-1] INFO (DirectJDKLog.java:179)- Initializing Spring embedded WebApplicationContext
2018-12-22 21:25:34,013 [localhost-startStop-1] INFO (EmbeddedWebApplicationContext.java:276)- Root WebApplicationContext: initialization completed in 4869 ms
2018-12-22 21:25:34,483 [localhost-startStop-1] INFO (ServletRegistrationBean.java:190)- Mapping servlet: 'dispatcherServlet' to [/]
2018-12-22 21:25:34,483 [localhost-startStop-1] INFO (ServletRegistrationBean.java:190)- Mapping servlet: 'statViewServlet' to [/druid/*]
2018-12-22 21:25:34,498 [localhost-startStop-1] INFO (AbstractFilterRegistrationBean.java:258)- Mapping filter: 'characterEncodingFilter' to: [/*]
2018-12-22 21:25:34,499 [localhost-startStop-1] INFO (AbstractFilterRegistrationBean.java:258)- Mapping filter: 'hiddenHttpMethodFilter' to: [/*]
2018-12-22 21:25:34,500 [localhost-startStop-1] INFO (AbstractFilterRegistrationBean.java:258)- Mapping filter: 'httpPutFormContentFilter' to: [/*]
2018-12-22 21:25:34,500 [localhost-startStop-1] INFO (AbstractFilterRegistrationBean.java:258)- Mapping filter: 'requestContextFilter' to: [/*]
2018-12-22 21:25:34,500 [localhost-startStop-1] INFO (AbstractFilterRegistrationBean.java:271)- Mapping filter: 'webStatFilter' to urls: [/*]
2018-12-22 21:25:34,500 [localhost-startStop-1] INFO (AbstractFilterRegistrationBean.java:258)- Mapping filter: 'webContextFilter' to: [/*]
2018-12-22 21:25:38,081 [main] INFO (RequestMappingHandlerAdapter.java:534)- Looking for @ControllerAdvice: org.springframework.boot.context.embedded.AnnotationConfigEmbeddedWebApplicationContext@6e01f9b0: startup date [Sat Dec 22 21:25:29 CST 2018]; root of context hierarchy
2018-12-22 21:25:38,255 [main] INFO (AbstractHandlerMethodMapping.java:543)- Mapped "{[/admin/login],methods=[GET]}" onto public com.example.demo.config.bean.entity.ResultMap com.example.demo.controller.AdminController.login(java.lang.String,java.lang.String)
2018-12-22 21:25:38,255 [main] INFO (AbstractHandlerMethodMapping.java:543)- Mapped "{[/customer/update/status],methods=[GET]}" onto public com.example.demo.config.bean.entity.ResultMap com.example.demo.controller.CustomerController.updateCusmStatue(java.lang.String,java.lang.Integer)
2018-12-22 21:25:38,255 [main] INFO (AbstractHandlerMethodMapping.java:543)- Mapped "{[/customer/select/one/by/phone],methods=[GET]}" onto public com.example.demo.config.bean.entity.ResultMap com.example.demo.controller.CustomerController.selectCusmByPhone(java.lang.String)
2018-12-22 21:25:38,255 [main] INFO (AbstractHandlerMethodMapping.java:543)- Mapped "{[/customer/select/all/for/cusm],methods=[GET]}" onto public com.example.demo.config.bean.entity.ResultMap com.example.demo.controller.CustomerController.selectAllCustomer(java.lang.Integer,java.lang.Integer)
2018-12-22 21:25:38,255 [main] INFO (AbstractHandlerMethodMapping.java:543)- Mapped "{[/file/upload/a/multipart/file],methods=[POST]}" onto public com.example.demo.config.bean.entity.ResultMap com.example.demo.controller.FileUploadController.aMultipartFile(org.springframework.web.multipart.MultipartFile)
2018-12-22 21:25:38,270 [main] INFO (AbstractHandlerMethodMapping.java:543)- Mapped "{[/food/update],methods=[POST]}" onto public com.example.demo.config.bean.entity.ResultMap com.example.demo.controller.FoodController.update(java.lang.String,java.lang.String,java.lang.String,java.lang.Double,java.lang.String,java.lang.String,java.lang.Integer,java.lang.Integer,java.lang.String,java.lang.String,java.lang.String)
2018-12-22 21:25:38,271 [main] INFO (AbstractHandlerMethodMapping.java:543)- Mapped "{[/food/delete/one/by/id],methods=[POST]}" onto public com.example.demo.config.bean.entity.ResultMap com.example.demo.controller.FoodController.delete(java.lang.String)
2018-12-22 21:25:38,272 [main] INFO (AbstractHandlerMethodMapping.java:543)- Mapped "{[/food/create],methods=[POST]}" onto public com.example.demo.config.bean.entity.ResultMap com.example.demo.controller.FoodController.create(java.lang.String,java.lang.String,java.lang.Double,java.lang.String,java.lang.String,java.lang.String,java.lang.Integer,java.lang.Integer,java.lang.String,java.lang.String,java.lang.String)
2018-12-22 21:25:38,273 [main] INFO (AbstractHandlerMethodMapping.java:543)- Mapped "{[/food/select/all],methods=[GET]}" onto public com.example.demo.config.bean.entity.ResultMap com.example.demo.controller.FoodController.selectAll()
2018-12-22 21:25:38,277 [main] INFO (AbstractHandlerMethodMapping.java:543)- Mapped "{[/food/select/one/by/id],methods=[GET]}" onto public com.example.demo.config.bean.entity.ResultMap com.example.demo.controller.FoodController.selectOneById(java.lang.String)
2018-12-22 21:25:38,278 [main] INFO (AbstractHandlerMethodMapping.java:543)- Mapped "{[/food/select/all/for/sys],methods=[GET]}" onto public com.example.demo.config.bean.entity.ResultMap com.example.demo.controller.FoodController.selectAllForSys(java.lang.Integer,java.lang.Integer,java.lang.String,java.lang.String)
2018-12-22 21:25:38,279 [main] INFO (AbstractHandlerMethodMapping.java:543)- Mapped "{[/food/update/one/by/id],methods=[POST]}" onto public com.example.demo.config.bean.entity.ResultMap com.example.demo.controller.FoodController.isHideFood(java.lang.String,java.lang.String)
2018-12-22 21:25:38,286 [main] INFO (AbstractHandlerMethodMapping.java:543)- Mapped "{[/menu/classify/update],methods=[POST]}" onto public com.example.demo.config.bean.entity.ResultMap com.example.demo.controller.MenuClassifyController.update(java.lang.String,java.lang.String,java.lang.Integer)
2018-12-22 21:25:38,286 [main] INFO (AbstractHandlerMethodMapping.java:543)- Mapped "{[/menu/classify/delete],methods=[POST]}" onto public com.example.demo.config.bean.entity.ResultMap com.example.demo.controller.MenuClassifyController.delete(java.lang.String)
2018-12-22 21:25:38,286 [main] INFO (AbstractHandlerMethodMapping.java:543)- Mapped "{[/menu/classify/create],methods=[POST]}" onto public com.example.demo.config.bean.entity.ResultMap com.example.demo.controller.MenuClassifyController.create(java.lang.String,java.lang.Integer)
2018-12-22 21:25:38,286 [main] INFO (AbstractHandlerMethodMapping.java:543)- Mapped "{[/menu/classify/select/all],methods=[GET]}" onto public com.example.demo.config.bean.entity.ResultMap com.example.demo.controller.MenuClassifyController.selectAll()
2018-12-22 21:25:38,286 [main] INFO (AbstractHandlerMethodMapping.java:543)- Mapped "{[/menu/classify/select/one/by/id],methods=[GET]}" onto public com.example.demo.config.bean.entity.ResultMap com.example.demo.controller.MenuClassifyController.selectOneById(java.lang.String)
2018-12-22 21:25:38,286 [main] INFO (AbstractHandlerMethodMapping.java:543)- Mapped "{[/menu/classify/select/all/for/sys],methods=[GET]}" onto public com.example.demo.config.bean.entity.ResultMap com.example.demo.controller.MenuClassifyController.selectAllForSys(java.lang.Integer,java.lang.Integer)
2018-12-22 21:25:38,286 [main] INFO (AbstractHandlerMethodMapping.java:543)- Mapped "{[/order/form/update],methods=[POST]}" onto public com.example.demo.config.bean.entity.ResultMap com.example.demo.controller.OrderFormController.update(java.lang.String,java.lang.Integer)
2018-12-22 21:25:38,286 [main] INFO (AbstractHandlerMethodMapping.java:543)- Mapped "{[/order/form/create],methods=[POST]}" onto public com.example.demo.config.bean.entity.ResultMap com.example.demo.controller.OrderFormController.create(com.example.demo.pojo.po.OrderFormPo,java.lang.String)
2018-12-22 21:25:38,286 [main] INFO (AbstractHandlerMethodMapping.java:543)- Mapped "{[/order/form/wx/notify],methods=[GET || POST]}" onto public java.lang.Object com.example.demo.controller.OrderFormController.wxNotify()
2018-12-22 21:25:38,286 [main] INFO (AbstractHandlerMethodMapping.java:543)- Mapped "{[/order/form/select/all],methods=[GET]}" onto public com.example.demo.config.bean.entity.ResultMap com.example.demo.controller.OrderFormController.selectAll(java.lang.String,java.lang.Boolean,java.lang.String,java.lang.Integer,java.lang.Integer)
2018-12-22 21:25:38,286 [main] INFO (AbstractHandlerMethodMapping.java:543)- Mapped "{[/order/form/select/one/by/id],methods=[GET]}" onto public com.example.demo.config.bean.entity.ResultMap com.example.demo.controller.OrderFormController.selectOneById(java.lang.String)
2018-12-22 21:25:38,302 [main] INFO (AbstractHandlerMethodMapping.java:543)- Mapped "{[/phone/code/check/for/{business}],methods=[GET]}" onto public java.lang.Object com.example.demo.controller.PhoneCodeController.checkForBusiness(java.lang.String,java.lang.String,java.lang.String,java.lang.String)
2018-12-22 21:25:38,302 [main] INFO (AbstractHandlerMethodMapping.java:543)- Mapped "{[/phone/code/send/for/{business}],methods=[GET]}" onto public java.lang.Object com.example.demo.controller.PhoneCodeController.sendForBusiness(java.lang.String,java.lang.String,java.lang.String)
2018-12-22 21:25:38,302 [main] INFO (AbstractHandlerMethodMapping.java:543)- Mapped "{[/sys/menu/first/update],methods=[POST]}" onto public com.example.demo.config.bean.entity.ResultMap com.example.demo.controller.SysMenuFirstController.update(java.lang.String,java.lang.String,java.lang.Integer)
2018-12-22 21:25:38,302 [main] INFO (AbstractHandlerMethodMapping.java:543)- Mapped "{[/sys/menu/first/delete],methods=[POST]}" onto public com.example.demo.config.bean.entity.ResultMap com.example.demo.controller.SysMenuFirstController.delete(java.lang.String)
2018-12-22 21:25:38,302 [main] INFO (AbstractHandlerMethodMapping.java:543)- Mapped "{[/sys/menu/first/create],methods=[POST]}" onto public com.example.demo.config.bean.entity.ResultMap com.example.demo.controller.SysMenuFirstController.create(java.lang.String,java.lang.Integer)
2018-12-22 21:25:38,302 [main] INFO (AbstractHandlerMethodMapping.java:543)- Mapped "{[/sys/menu/first/select/all],methods=[GET]}" onto public com.example.demo.config.bean.entity.ResultMap com.example.demo.controller.SysMenuFirstController.selectAll()
2018-12-22 21:25:38,302 [main] INFO (AbstractHandlerMethodMapping.java:543)- Mapped "{[/sys/menu/second/update],methods=[POST]}" onto public com.example.demo.config.bean.entity.ResultMap com.example.demo.controller.SysMenuSecondController.update(java.lang.String,java.lang.String,java.lang.String,java.lang.String,java.lang.Integer)
2018-12-22 21:25:38,317 [main] INFO (AbstractHandlerMethodMapping.java:543)- Mapped "{[/sys/menu/second/delete],methods=[POST]}" onto public com.example.demo.config.bean.entity.ResultMap com.example.demo.controller.SysMenuSecondController.delete(java.lang.String)
2018-12-22 21:25:38,318 [main] INFO (AbstractHandlerMethodMapping.java:543)- Mapped "{[/sys/menu/second/create],methods=[POST]}" onto public com.example.demo.config.bean.entity.ResultMap com.example.demo.controller.SysMenuSecondController.create(java.lang.String,java.lang.String,java.lang.String,java.lang.Integer)
2018-12-22 21:25:38,319 [main] INFO (AbstractHandlerMethodMapping.java:543)- Mapped "{[/sys/menu/second/select/all],methods=[GET]}" onto public com.example.demo.config.bean.entity.ResultMap com.example.demo.controller.SysMenuSecondController.selectAll()
2018-12-22 21:25:38,320 [main] INFO (AbstractHandlerMethodMapping.java:543)- Mapped "{[/test],methods=[GET]}" onto public java.lang.Object com.example.demo.controller.TestController.test()
2018-12-22 21:25:38,321 [main] INFO (AbstractHandlerMethodMapping.java:543)- Mapped "{[/xxx],methods=[GET]}" onto public java.lang.Object com.example.demo.controller.TestController.xxx(javax.servlet.http.HttpServletRequest,java.util.Map<java.lang.String, java.lang.Object>)
2018-12-22 21:25:38,322 [main] INFO (AbstractHandlerMethodMapping.java:543)- Mapped "{[/ddd],methods=[GET]}" onto public java.lang.Object com.example.demo.controller.TestController.ddd(javax.servlet.http.HttpServletRequest,java.util.Map<java.lang.String, java.lang.Object>)
2018-12-22 21:25:38,325 [main] INFO (AbstractHandlerMethodMapping.java:543)- Mapped "{[/user/update],methods=[POST]}" onto public com.example.demo.config.bean.entity.ResultMap com.example.demo.controller.UserController.update(java.lang.String,java.lang.String,java.lang.String,java.lang.String)
2018-12-22 21:25:38,325 [main] INFO (AbstractHandlerMethodMapping.java:543)- Mapped "{[/user/login],methods=[POST]}" onto public com.example.demo.config.bean.entity.ResultMap com.example.demo.controller.UserController.login(java.lang.String,java.lang.String,java.lang.String,java.lang.String)
2018-12-22 21:25:38,325 [main] INFO (AbstractHandlerMethodMapping.java:543)- Mapped "{[/user/select/all],methods=[GET]}" onto public com.example.demo.config.bean.entity.ResultMap com.example.demo.controller.UserController.selectAll(java.lang.Integer,java.lang.Integer)
2018-12-22 21:25:38,325 [main] INFO (AbstractHandlerMethodMapping.java:543)- Mapped "{[/user/select/user/by/id],methods=[GET]}" onto public com.example.demo.config.bean.entity.ResultMap com.example.demo.controller.UserController.selectUserById(java.lang.String)
2018-12-22 21:25:38,325 [main] INFO (AbstractHandlerMethodMapping.java:543)- Mapped "{[/error]}" onto public org.springframework.http.ResponseEntity<java.util.Map<java.lang.String, java.lang.Object>> org.springframework.boot.autoconfigure.web.BasicErrorController.error(javax.servlet.http.HttpServletRequest)
2018-12-22 21:25:38,325 [main] INFO (AbstractHandlerMethodMapping.java:543)- Mapped "{[/error],produces=[text/html]}" onto public org.springframework.web.servlet.ModelAndView org.springframework.boot.autoconfigure.web.BasicErrorController.errorHtml(javax.servlet.http.HttpServletRequest,javax.servlet.http.HttpServletResponse)
2018-12-22 21:25:38,402 [main] INFO (AbstractUrlHandlerMapping.java:349)- Root mapping to handler of type [class org.springframework.web.servlet.mvc.ParameterizableViewController]
2018-12-22 21:25:38,460 [main] INFO (AbstractUrlHandlerMapping.java:362)- Mapped URL path [/webjars/**] onto handler of type [class org.springframework.web.servlet.resource.ResourceHttpRequestHandler]
2018-12-22 21:25:38,460 [main] INFO (AbstractUrlHandlerMapping.java:362)- Mapped URL path [/**] onto handler of type [class org.springframework.web.servlet.resource.ResourceHttpRequestHandler]
2018-12-22 21:25:38,507 [main] INFO (ExceptionHandlerExceptionResolver.java:273)- Detected @ExceptionHandler methods in controllerAdviceController
2018-12-22 21:25:38,593 [main] INFO (AbstractUrlHandlerMapping.java:362)- Mapped URL path [/**/favicon.ico] onto handler of type [class org.springframework.web.servlet.resource.ResourceHttpRequestHandler]
2018-12-22 21:25:38,657 [main] INFO (WebMvcAutoConfiguration.java:549)- Adding welcome page: class path resource [static/index.html]
2018-12-22 21:25:40,281 [main] INFO (MBeanExporter.java:431)- Registering beans for JMX exposure on startup
2018-12-22 21:25:40,298 [main] INFO (MBeanExporter.java:916)- Bean with name 'dataSource' has been autodetected for JMX exposure
2018-12-22 21:25:40,298 [main] INFO (MBeanExporter.java:916)- Bean with name 'rabbitConnectionFactory' has been autodetected for JMX exposure
2018-12-22 21:25:40,314 [main] INFO (MBeanExporter.java:671)- Located MBean 'dataSource': registering with JMX server as MBean [com.alibaba.druid.pool:name=dataSource,type=DruidDataSource]
2018-12-22 21:25:40,353 [main] INFO (MBeanExporter.java:678)- Located managed bean 'rabbitConnectionFactory': registering with JMX server as MBean [org.springframework.amqp.rabbit.connection:name=rabbitConnectionFactory,type=CachingConnectionFactory]
2018-12-22 21:25:40,400 [main] INFO (DefaultLifecycleProcessor.java:343)- Starting beans in phase -2147482648
2018-12-22 21:25:40,400 [main] INFO (DefaultLifecycleProcessor.java:343)- Starting beans in phase 2147483647
2018-12-22 21:25:40,565 [main] INFO (TomcatEmbeddedServletContainer.java:201)- Tomcat started on port(s): 8080 (http)
2018-12-22 21:25:40,583 [main] INFO (StartupInfoLogger.java:57)- Started Application in 12.5 seconds (JVM running for 13.696)
2018-12-22 21:25:40,584 [main] INFO (Application.java:17)- 启动完毕...
2018-12-22 21:27:05,991 [http-nio-8080-exec-1] INFO (DirectJDKLog.java:179)- Initializing Spring FrameworkServlet 'dispatcherServlet'
2018-12-22 21:27:05,991 [http-nio-8080-exec-1] INFO (FrameworkServlet.java:489)- FrameworkServlet 'dispatcherServlet': initialization started
2018-12-22 21:27:06,049 [http-nio-8080-exec-1] INFO (FrameworkServlet.java:508)- FrameworkServlet 'dispatcherServlet': initialization completed in 58 ms
2018-12-22 21:27:24,825 [http-nio-8080-exec-9] INFO (DruidDataSource.java:847)- {dataSource-1} inited
2018-12-22 23:55:02,123 [main] INFO (StartupInfoLogger.java:48)- Starting Application on N5RAIK9YN90FD4N with PID 5196 (started by Administrator in E:\新建文件夹\dianc\QiHeiDeHuaZhiGouHuo-spring-2-master\spring-2)
2018-12-22 23:55:02,123 [main] INFO (SpringApplication.java:593)- No active profile set, falling back to default profiles: default
2018-12-22 23:55:02,269 [main] INFO (AbstractApplicationContext.java:583)- Refreshing org.springframework.boot.context.embedded.AnnotationConfigEmbeddedWebApplicationContext@6e01f9b0: startup date [Sat Dec 22 23:55:02 CST 2018]; root of context hierarchy
2018-12-22 23:55:03,843 [main] INFO (XmlBeanDefinitionReader.java:317)- Loading XML bean definitions from file [E:\新建文件夹\dianc\QiHeiDeHuaZhiGouHuo-spring-2-master\spring-2\target\classes\spring\spring-aop.xml]
2018-12-22 23:55:04,138 [main] INFO (XmlBeanDefinitionReader.java:317)- Loading XML bean definitions from file [E:\新建文件夹\dianc\QiHeiDeHuaZhiGouHuo-spring-2-master\spring-2\target\classes\spring\spring-mvc.xml]
2018-12-22 23:55:05,124 [main] INFO (RepositoryConfigurationDelegate.java:165)- Multiple Spring Data modules found, entering strict repository configuration mode!
2018-12-22 23:55:06,067 [main] INFO (PostProcessorRegistrationDelegate.java:325)- Bean 'commonConfig' of type [com.example.demo.config.bean.CommonConfig$$EnhancerBySpringCGLIB$$64114531] is not eligible for getting processed by all BeanPostProcessors (for example: not eligible for auto-proxying)
2018-12-22 23:55:06,229 [main] INFO (PostProcessorRegistrationDelegate.java:325)- Bean 'messageSource' of type [org.springframework.context.support.ReloadableResourceBundleMessageSource] is not eligible for getting processed by all BeanPostProcessors (for example: not eligible for auto-proxying)
2018-12-22 23:55:06,459 [main] INFO (PostProcessorRegistrationDelegate.java:325)- Bean 'validator' of type [org.springframework.validation.beanvalidation.LocalValidatorFactoryBean] is not eligible for getting processed by all BeanPostProcessors (for example: not eligible for auto-proxying)
2018-12-22 23:55:06,524 [main] INFO (PostProcessorRegistrationDelegate.java:325)- Bean 'org.springframework.amqp.rabbit.annotation.RabbitBootstrapConfiguration' of type [org.springframework.amqp.rabbit.annotation.RabbitBootstrapConfiguration$$EnhancerBySpringCGLIB$$b2b5dd61] is not eligible for getting processed by all BeanPostProcessors (for example: not eligible for auto-proxying)
2018-12-22 23:55:08,374 [main] INFO (TomcatEmbeddedServletContainer.java:89)- Tomcat initialized with port(s): 8080 (http)
2018-12-22 23:55:08,406 [main] INFO (DirectJDKLog.java:179)- Starting service [Tomcat]
2018-12-22 23:55:08,406 [main] INFO (DirectJDKLog.java:179)- Starting Servlet Engine: Apache Tomcat/8.5.15
2018-12-22 23:55:09,070 [localhost-startStop-1] INFO (DirectJDKLog.java:179)- Initializing Spring embedded WebApplicationContext
2018-12-22 23:55:09,070 [localhost-startStop-1] INFO (EmbeddedWebApplicationContext.java:276)- Root WebApplicationContext: initialization completed in 6801 ms
2018-12-22 23:55:09,721 [localhost-startStop-1] INFO (ServletRegistrationBean.java:190)- Mapping servlet: 'dispatcherServlet' to [/]
2018-12-22 23:55:09,721 [localhost-startStop-1] INFO (ServletRegistrationBean.java:190)- Mapping servlet: 'statViewServlet' to [/druid/*]
2018-12-22 23:55:09,736 [localhost-startStop-1] INFO (AbstractFilterRegistrationBean.java:258)- Mapping filter: 'characterEncodingFilter' to: [/*]
2018-12-22 23:55:09,736 [localhost-startStop-1] INFO (AbstractFilterRegistrationBean.java:258)- Mapping filter: 'hiddenHttpMethodFilter' to: [/*]
2018-12-22 23:55:09,736 [localhost-startStop-1] INFO (AbstractFilterRegistrationBean.java:258)- Mapping filter: 'httpPutFormContentFilter' to: [/*]
2018-12-22 23:55:09,736 [localhost-startStop-1] INFO (AbstractFilterRegistrationBean.java:258)- Mapping filter: 'requestContextFilter' to: [/*]
2018-12-22 23:55:09,736 [localhost-startStop-1] INFO (AbstractFilterRegistrationBean.java:271)- Mapping filter: 'webStatFilter' to urls: [/*]
2018-12-22 23:55:09,736 [localhost-startStop-1] INFO (AbstractFilterRegistrationBean.java:258)- Mapping filter: 'webContextFilter' to: [/*]
2018-12-22 23:55:14,189 [main] INFO (RequestMappingHandlerAdapter.java:534)- Looking for @ControllerAdvice: org.springframework.boot.context.embedded.AnnotationConfigEmbeddedWebApplicationContext@6e01f9b0: startup date [Sat Dec 22 23:55:02 CST 2018]; root of context hierarchy
2018-12-22 23:55:14,359 [main] INFO (AbstractHandlerMethodMapping.java:543)- Mapped "{[/admin/login],methods=[GET]}" onto public com.example.demo.config.bean.entity.ResultMap com.example.demo.controller.AdminController.login(java.lang.String,java.lang.String)
2018-12-22 23:55:14,359 [main] INFO (AbstractHandlerMethodMapping.java:543)- Mapped "{[/customer/select/one/by/phone],methods=[GET]}" onto public com.example.demo.config.bean.entity.ResultMap com.example.demo.controller.CustomerController.selectCusmByPhone(java.lang.String)
2018-12-22 23:55:14,375 [main] INFO (AbstractHandlerMethodMapping.java:543)- Mapped "{[/customer/select/all/for/cusm],methods=[GET]}" onto public com.example.demo.config.bean.entity.ResultMap com.example.demo.controller.CustomerController.selectAllCustomer(java.lang.Integer,java.lang.Integer)
2018-12-22 23:55:14,375 [main] INFO (AbstractHandlerMethodMapping.java:543)- Mapped "{[/customer/update/status],methods=[GET]}" onto public com.example.demo.config.bean.entity.ResultMap com.example.demo.controller.CustomerController.updateCusmStatue(java.lang.String,java.lang.Integer)
2018-12-22 23:55:14,375 [main] INFO (AbstractHandlerMethodMapping.java:543)- Mapped "{[/file/upload/a/multipart/file],methods=[POST]}" onto public com.example.demo.config.bean.entity.ResultMap com.example.demo.controller.FileUploadController.aMultipartFile(org.springframework.web.multipart.MultipartFile)
2018-12-22 23:55:14,375 [main] INFO (AbstractHandlerMethodMapping.java:543)- Mapped "{[/food/update],methods=[POST]}" onto public com.example.demo.config.bean.entity.ResultMap com.example.demo.controller.FoodController.update(java.lang.String,java.lang.String,java.lang.String,java.lang.Double,java.lang.String,java.lang.String,java.lang.Integer,java.lang.Integer,java.lang.String,java.lang.String,java.lang.String)
2018-12-22 23:55:14,375 [main] INFO (AbstractHandlerMethodMapping.java:543)- Mapped "{[/food/delete/one/by/id],methods=[POST]}" onto public com.example.demo.config.bean.entity.ResultMap com.example.demo.controller.FoodController.delete(java.lang.String)
2018-12-22 23:55:14,375 [main] INFO (AbstractHandlerMethodMapping.java:543)- Mapped "{[/food/create],methods=[POST]}" onto public com.example.demo.config.bean.entity.ResultMap com.example.demo.controller.FoodController.create(java.lang.String,java.lang.String,java.lang.Double,java.lang.String,java.lang.String,java.lang.String,java.lang.String,java.lang.Integer,java.lang.Integer,java.lang.String,java.lang.String,java.lang.String)
2018-12-22 23:55:14,375 [main] INFO (AbstractHandlerMethodMapping.java:543)- Mapped "{[/food/select/one/by/id],methods=[GET]}" onto public com.example.demo.config.bean.entity.ResultMap com.example.demo.controller.FoodController.selectOneById(java.lang.String)
2018-12-22 23:55:14,375 [main] INFO (AbstractHandlerMethodMapping.java:543)- Mapped "{[/food/select/all],methods=[GET]}" onto public com.example.demo.config.bean.entity.ResultMap com.example.demo.controller.FoodController.selectAll()
2018-12-22 23:55:14,375 [main] INFO (AbstractHandlerMethodMapping.java:543)- Mapped "{[/food/select/all/for/sys],methods=[GET]}" onto public com.example.demo.config.bean.entity.ResultMap com.example.demo.controller.FoodController.selectAllForSys(java.lang.Integer,java.lang.Integer,java.lang.String,java.lang.String)
2018-12-22 23:55:14,375 [main] INFO (AbstractHandlerMethodMapping.java:543)- Mapped "{[/food/update/one/by/id],methods=[POST]}" onto public com.example.demo.config.bean.entity.ResultMap com.example.demo.controller.FoodController.isHideFood(java.lang.String,java.lang.String)
2018-12-22 23:55:14,397 [main] INFO (AbstractHandlerMethodMapping.java:543)- Mapped "{[/menu/classify/update],methods=[POST]}" onto public com.example.demo.config.bean.entity.ResultMap com.example.demo.controller.MenuClassifyController.update(java.lang.String,java.lang.String,java.lang.Integer)
2018-12-22 23:55:14,401 [main] INFO (AbstractHandlerMethodMapping.java:543)- Mapped "{[/menu/classify/delete],methods=[POST]}" onto public com.example.demo.config.bean.entity.ResultMap com.example.demo.controller.MenuClassifyController.delete(java.lang.String)
2018-12-22 23:55:14,402 [main] INFO (AbstractHandlerMethodMapping.java:543)- Mapped "{[/menu/classify/create],methods=[POST]}" onto public com.example.demo.config.bean.entity.ResultMap com.example.demo.controller.MenuClassifyController.create(java.lang.String,java.lang.Integer)
2018-12-22 23:55:14,404 [main] INFO (AbstractHandlerMethodMapping.java:543)- Mapped "{[/menu/classify/select/one/by/id],methods=[GET]}" onto public com.example.demo.config.bean.entity.ResultMap com.example.demo.controller.MenuClassifyController.selectOneById(java.lang.String)
2018-12-22 23:55:14,416 [main] INFO (AbstractHandlerMethodMapping.java:543)- Mapped "{[/menu/classify/select/all],methods=[GET]}" onto public com.example.demo.config.bean.entity.ResultMap com.example.demo.controller.MenuClassifyController.selectAll()
2018-12-22 23:55:14,417 [main] INFO (AbstractHandlerMethodMapping.java:543)- Mapped "{[/menu/classify/select/all/for/sys],methods=[GET]}" onto public com.example.demo.config.bean.entity.ResultMap com.example.demo.controller.MenuClassifyController.selectAllForSys(java.lang.Integer,java.lang.Integer)
2018-12-22 23:55:14,421 [main] INFO (AbstractHandlerMethodMapping.java:543)- Mapped "{[/order/form/update],methods=[POST]}" onto public com.example.demo.config.bean.entity.ResultMap com.example.demo.controller.OrderFormController.update(java.lang.String,java.lang.Integer)
2018-12-22 23:55:14,423 [main] INFO (AbstractHandlerMethodMapping.java:543)- Mapped "{[/order/form/create],methods=[POST]}" onto public com.example.demo.config.bean.entity.ResultMap com.example.demo.controller.OrderFormController.create(com.example.demo.pojo.po.OrderFormPo,java.lang.String)
2018-12-22 23:55:14,425 [main] INFO (AbstractHandlerMethodMapping.java:543)- Mapped "{[/order/form/select/one/by/id],methods=[GET]}" onto public com.example.demo.config.bean.entity.ResultMap com.example.demo.controller.OrderFormController.selectOneById(java.lang.String)
2018-12-22 23:55:14,427 [main] INFO (AbstractHandlerMethodMapping.java:543)- Mapped "{[/order/form/select/all],methods=[GET]}" onto public com.example.demo.config.bean.entity.ResultMap com.example.demo.controller.OrderFormController.selectAll(java.lang.String,java.lang.Boolean,java.lang.String,java.lang.Integer,java.lang.Integer)
2018-12-22 23:55:14,428 [main] INFO (AbstractHandlerMethodMapping.java:543)- Mapped "{[/order/form/wx/notify],methods=[GET || POST]}" onto public java.lang.Object com.example.demo.controller.OrderFormController.wxNotify()
2018-12-22 23:55:14,431 [main] INFO (AbstractHandlerMethodMapping.java:543)- Mapped "{[/phone/code/send/for/{business}],methods=[GET]}" onto public java.lang.Object com.example.demo.controller.PhoneCodeController.sendForBusiness(java.lang.String,java.lang.String,java.lang.String)
2018-12-22 23:55:14,432 [main] INFO (AbstractHandlerMethodMapping.java:543)- Mapped "{[/phone/code/check/for/{business}],methods=[GET]}" onto public java.lang.Object com.example.demo.controller.PhoneCodeController.checkForBusiness(java.lang.String,java.lang.String,java.lang.String,java.lang.String)
2018-12-22 23:55:14,441 [main] INFO (AbstractHandlerMethodMapping.java:543)- Mapped "{[/sys/menu/first/update],methods=[POST]}" onto public com.example.demo.config.bean.entity.ResultMap com.example.demo.controller.SysMenuFirstController.update(java.lang.String,java.lang.String,java.lang.Integer)
2018-12-22 23:55:14,441 [main] INFO (AbstractHandlerMethodMapping.java:543)- Mapped "{[/sys/menu/first/delete],methods=[POST]}" onto public com.example.demo.config.bean.entity.ResultMap com.example.demo.controller.SysMenuFirstController.delete(java.lang.String)
2018-12-22 23:55:14,441 [main] INFO (AbstractHandlerMethodMapping.java:543)- Mapped "{[/sys/menu/first/create],methods=[POST]}" onto public com.example.demo.config.bean.entity.ResultMap com.example.demo.controller.SysMenuFirstController.create(java.lang.String,java.lang.Integer)
2018-12-22 23:55:14,441 [main] INFO (AbstractHandlerMethodMapping.java:543)- Mapped "{[/sys/menu/first/select/all],methods=[GET]}" onto public com.example.demo.config.bean.entity.ResultMap com.example.demo.controller.SysMenuFirstController.selectAll()
2018-12-22 23:55:14,441 [main] INFO (AbstractHandlerMethodMapping.java:543)- Mapped "{[/sys/menu/second/update],methods=[POST]}" onto public com.example.demo.config.bean.entity.ResultMap com.example.demo.controller.SysMenuSecondController.update(java.lang.String,java.lang.String,java.lang.String,java.lang.String,java.lang.Integer)
2018-12-22 23:55:14,441 [main] INFO (AbstractHandlerMethodMapping.java:543)- Mapped "{[/sys/menu/second/delete],methods=[POST]}" onto public com.example.demo.config.bean.entity.ResultMap com.example.demo.controller.SysMenuSecondController.delete(java.lang.String)
2018-12-22 23:55:14,456 [main] INFO (AbstractHandlerMethodMapping.java:543)- Mapped "{[/sys/menu/second/create],methods=[POST]}" onto public com.example.demo.config.bean.entity.ResultMap com.example.demo.controller.SysMenuSecondController.create(java.lang.String,java.lang.String,java.lang.String,java.lang.Integer)
2018-12-22 23:55:14,456 [main] INFO (AbstractHandlerMethodMapping.java:543)- Mapped "{[/sys/menu/second/select/all],methods=[GET]}" onto public com.example.demo.config.bean.entity.ResultMap com.example.demo.controller.SysMenuSecondController.selectAll()
2018-12-22 23:55:14,456 [main] INFO (AbstractHandlerMethodMapping.java:543)- Mapped "{[/test],methods=[GET]}" onto public java.lang.Object com.example.demo.controller.TestController.test()
2018-12-22 23:55:14,456 [main] INFO (AbstractHandlerMethodMapping.java:543)- Mapped "{[/xxx],methods=[GET]}" onto public java.lang.Object com.example.demo.controller.TestController.xxx(javax.servlet.http.HttpServletRequest,java.util.Map<java.lang.String, java.lang.Object>)
2018-12-22 23:55:14,456 [main] INFO (AbstractHandlerMethodMapping.java:543)- Mapped "{[/ddd],methods=[GET]}" onto public java.lang.Object com.example.demo.controller.TestController.ddd(javax.servlet.http.HttpServletRequest,java.util.Map<java.lang.String, java.lang.Object>)
2018-12-22 23:55:14,456 [main] INFO (AbstractHandlerMethodMapping.java:543)- Mapped "{[/user/update],methods=[POST]}" onto public com.example.demo.config.bean.entity.ResultMap com.example.demo.controller.UserController.update(java.lang.String,java.lang.String,java.lang.String,java.lang.String)
2018-12-22 23:55:14,456 [main] INFO (AbstractHandlerMethodMapping.java:543)- Mapped "{[/user/login],methods=[POST]}" onto public com.example.demo.config.bean.entity.ResultMap com.example.demo.controller.UserController.login(java.lang.String,java.lang.String,java.lang.String,java.lang.String)
2018-12-22 23:55:14,456 [main] INFO (AbstractHandlerMethodMapping.java:543)- Mapped "{[/user/select/all],methods=[GET]}" onto public com.example.demo.config.bean.entity.ResultMap com.example.demo.controller.UserController.selectAll(java.lang.Integer,java.lang.Integer)
2018-12-22 23:55:14,472 [main] INFO (AbstractHandlerMethodMapping.java:543)- Mapped "{[/user/select/user/by/id],methods=[GET]}" onto public com.example.demo.config.bean.entity.ResultMap com.example.demo.controller.UserController.selectUserById(java.lang.String)
2018-12-22 23:55:14,472 [main] INFO (AbstractHandlerMethodMapping.java:543)- Mapped "{[/error]}" onto public org.springframework.http.ResponseEntity<java.util.Map<java.lang.String, java.lang.Object>> org.springframework.boot.autoconfigure.web.BasicErrorController.error(javax.servlet.http.HttpServletRequest)
2018-12-22 23:55:14,472 [main] INFO (AbstractHandlerMethodMapping.java:543)- Mapped "{[/error],produces=[text/html]}" onto public org.springframework.web.servlet.ModelAndView org.springframework.boot.autoconfigure.web.BasicErrorController.errorHtml(javax.servlet.http.HttpServletRequest,javax.servlet.http.HttpServletResponse)
2018-12-22 23:55:14,537 [main] INFO (AbstractUrlHandlerMapping.java:349)- Root mapping to handler of type [class org.springframework.web.servlet.mvc.ParameterizableViewController]
2018-12-22 23:55:14,597 [main] INFO (AbstractUrlHandlerMapping.java:362)- Mapped URL path [/webjars/**] onto handler of type [class org.springframework.web.servlet.resource.ResourceHttpRequestHandler]
2018-12-22 23:55:14,597 [main] INFO (AbstractUrlHandlerMapping.java:362)- Mapped URL path [/**] onto handler of type [class org.springframework.web.servlet.resource.ResourceHttpRequestHandler]
2018-12-22 23:55:14,662 [main] INFO (ExceptionHandlerExceptionResolver.java:273)- Detected @ExceptionHandler methods in controllerAdviceController
2018-12-22 23:55:14,743 [main] INFO (AbstractUrlHandlerMapping.java:362)- Mapped URL path [/**/favicon.ico] onto handler of type [class org.springframework.web.servlet.resource.ResourceHttpRequestHandler]
2018-12-22 23:55:14,819 [main] INFO (WebMvcAutoConfiguration.java:549)- Adding welcome page: class path resource [static/index.html]
2018-12-22 23:55:16,394 [main] INFO (MBeanExporter.java:431)- Registering beans for JMX exposure on startup
2018-12-22 23:55:16,394 [main] INFO (MBeanExporter.java:916)- Bean with name 'dataSource' has been autodetected for JMX exposure
2018-12-22 23:55:16,410 [main] INFO (MBeanExporter.java:916)- Bean with name 'rabbitConnectionFactory' has been autodetected for JMX exposure
2018-12-22 23:55:16,410 [main] INFO (MBeanExporter.java:671)- Located MBean 'dataSource': registering with JMX server as MBean [com.alibaba.druid.pool:name=dataSource,type=DruidDataSource]
2018-12-22 23:55:16,410 [main] INFO (MBeanExporter.java:678)- Located managed bean 'rabbitConnectionFactory': registering with JMX server as MBean [org.springframework.amqp.rabbit.connection:name=rabbitConnectionFactory,type=CachingConnectionFactory]
2018-12-22 23:55:16,461 [main] INFO (DefaultLifecycleProcessor.java:343)- Starting beans in phase -2147482648
2018-12-22 23:55:16,461 [main] INFO (DefaultLifecycleProcessor.java:343)- Starting beans in phase 2147483647
2018-12-22 23:55:18,727 [main] INFO (TomcatEmbeddedServletContainer.java:201)- Tomcat started on port(s): 8080 (http)
2018-12-22 23:55:18,743 [main] INFO (StartupInfoLogger.java:57)- Started Application in 17.444 seconds (JVM running for 18.466)
2018-12-22 23:55:18,743 [main] INFO (Application.java:17)- 启动完毕...
2018-12-22 23:56:01,989 [http-nio-8080-exec-1] INFO (DirectJDKLog.java:179)- Initializing Spring FrameworkServlet 'dispatcherServlet'
2018-12-22 23:56:01,990 [http-nio-8080-exec-1] INFO (FrameworkServlet.java:489)- FrameworkServlet 'dispatcherServlet': initialization started
2018-12-22 23:56:02,068 [http-nio-8080-exec-1] INFO (FrameworkServlet.java:508)- FrameworkServlet 'dispatcherServlet': initialization completed in 77 ms
2018-12-22 23:56:02,920 [http-nio-8080-exec-4] INFO (DruidDataSource.java:847)- {dataSource-1} inited
