2018-11-24 23:02:14,905 [main] INFO (StartupInfoLogger.java:48)- Starting Application on N5RAIK9YN90FD4N with PID 4924 (started by Administrator in E:\新建文件夹\dianc\QiHeiDeHuaZhiGouHuo-spring-2-master\spring-2)
2018-11-24 23:02:14,924 [main] INFO (SpringApplication.java:593)- No active profile set, falling back to default profiles: default
2018-11-24 23:02:15,094 [main] INFO (AbstractApplicationContext.java:583)- Refreshing org.springframework.boot.context.embedded.AnnotationConfigEmbeddedWebApplicationContext@6ef888f6: startup date [Sat Nov 24 23:02:15 CST 2018]; root of context hierarchy
2018-11-24 23:02:16,908 [main] INFO (XmlBeanDefinitionReader.java:317)- Loading XML bean definitions from file [E:\新建文件夹\dianc\QiHeiDeHuaZhiGouHuo-spring-2-master\spring-2\target\classes\spring\spring-aop.xml]
2018-11-24 23:02:17,120 [main] INFO (XmlBeanDefinitionReader.java:317)- Loading XML bean definitions from file [E:\新建文件夹\dianc\QiHeiDeHuaZhiGouHuo-spring-2-master\spring-2\target\classes\spring\spring-mvc.xml]
2018-11-24 23:02:17,665 [main] INFO (RepositoryConfigurationDelegate.java:165)- Multiple Spring Data modules found, entering strict repository configuration mode!
2018-11-24 23:02:18,332 [main] INFO (PostProcessorRegistrationDelegate.java:325)- Bean 'commonConfig' of type [com.example.demo.config.bean.CommonConfig$$EnhancerBySpringCGLIB$$571be1af] is not eligible for getting processed by all BeanPostProcessors (for example: not eligible for auto-proxying)
2018-11-24 23:02:18,387 [main] INFO (PostProcessorRegistrationDelegate.java:325)- Bean 'messageSource' of type [org.springframework.context.support.ReloadableResourceBundleMessageSource] is not eligible for getting processed by all BeanPostProcessors (for example: not eligible for auto-proxying)
2018-11-24 23:02:18,509 [main] INFO (PostProcessorRegistrationDelegate.java:325)- Bean 'validator' of type [org.springframework.validation.beanvalidation.LocalValidatorFactoryBean] is not eligible for getting processed by all BeanPostProcessors (for example: not eligible for auto-proxying)
2018-11-24 23:02:18,553 [main] INFO (PostProcessorRegistrationDelegate.java:325)- Bean 'org.springframework.amqp.rabbit.annotation.RabbitBootstrapConfiguration' of type [org.springframework.amqp.rabbit.annotation.RabbitBootstrapConfiguration$$EnhancerBySpringCGLIB$$a5c079df] is not eligible for getting processed by all BeanPostProcessors (for example: not eligible for auto-proxying)
2018-11-24 23:02:19,480 [main] INFO (TomcatEmbeddedServletContainer.java:89)- Tomcat initialized with port(s): 8080 (http)
2018-11-24 23:02:19,504 [main] INFO (DirectJDKLog.java:179)- Starting service [Tomcat]
2018-11-24 23:02:19,507 [main] INFO (DirectJDKLog.java:179)- Starting Servlet Engine: Apache Tomcat/8.5.15
2018-11-24 23:02:19,727 [localhost-startStop-1] INFO (DirectJDKLog.java:179)- Initializing Spring embedded WebApplicationContext
2018-11-24 23:02:19,728 [localhost-startStop-1] INFO (EmbeddedWebApplicationContext.java:276)- Root WebApplicationContext: initialization completed in 4635 ms
2018-11-24 23:02:20,091 [localhost-startStop-1] INFO (ServletRegistrationBean.java:190)- Mapping servlet: 'dispatcherServlet' to [/]
2018-11-24 23:02:20,094 [localhost-startStop-1] INFO (ServletRegistrationBean.java:190)- Mapping servlet: 'statViewServlet' to [/druid/*]
2018-11-24 23:02:20,101 [localhost-startStop-1] INFO (AbstractFilterRegistrationBean.java:258)- Mapping filter: 'characterEncodingFilter' to: [/*]
2018-11-24 23:02:20,102 [localhost-startStop-1] INFO (AbstractFilterRegistrationBean.java:258)- Mapping filter: 'hiddenHttpMethodFilter' to: [/*]
2018-11-24 23:02:20,102 [localhost-startStop-1] INFO (AbstractFilterRegistrationBean.java:258)- Mapping filter: 'httpPutFormContentFilter' to: [/*]
2018-11-24 23:02:20,102 [localhost-startStop-1] INFO (AbstractFilterRegistrationBean.java:258)- Mapping filter: 'requestContextFilter' to: [/*]
2018-11-24 23:02:20,103 [localhost-startStop-1] INFO (AbstractFilterRegistrationBean.java:271)- Mapping filter: 'webStatFilter' to urls: [/*]
2018-11-24 23:02:20,103 [localhost-startStop-1] INFO (AbstractFilterRegistrationBean.java:258)- Mapping filter: 'webContextFilter' to: [/*]
2018-11-24 23:02:23,590 [main] INFO (RequestMappingHandlerAdapter.java:534)- Looking for @ControllerAdvice: org.springframework.boot.context.embedded.AnnotationConfigEmbeddedWebApplicationContext@6ef888f6: startup date [Sat Nov 24 23:02:15 CST 2018]; root of context hierarchy
2018-11-24 23:02:23,741 [main] INFO (AbstractHandlerMethodMapping.java:543)- Mapped "{[/admin/login],methods=[GET]}" onto public com.example.demo.config.bean.entity.ResultMap com.example.demo.controller.AdminController.login(java.lang.String,java.lang.String)
2018-11-24 23:02:23,745 [main] INFO (AbstractHandlerMethodMapping.java:543)- Mapped "{[/customer/select/one/by/phone],methods=[GET]}" onto public com.example.demo.config.bean.entity.ResultMap com.example.demo.controller.CustomerController.selectCusmByPhone(java.lang.String)
2018-11-24 23:02:23,746 [main] INFO (AbstractHandlerMethodMapping.java:543)- Mapped "{[/customer/select/all/for/cusm],methods=[GET]}" onto public com.example.demo.config.bean.entity.ResultMap com.example.demo.controller.CustomerController.selectAllCustomer(java.lang.Integer,java.lang.Integer)
2018-11-24 23:02:23,746 [main] INFO (AbstractHandlerMethodMapping.java:543)- Mapped "{[/customer/update/status],methods=[GET]}" onto public com.example.demo.config.bean.entity.ResultMap com.example.demo.controller.CustomerController.updateCusmStatue(java.lang.String,java.lang.Integer)
2018-11-24 23:02:23,748 [main] INFO (AbstractHandlerMethodMapping.java:543)- Mapped "{[/file/upload/a/multipart/file],methods=[POST]}" onto public com.example.demo.config.bean.entity.ResultMap com.example.demo.controller.FileUploadController.aMultipartFile(org.springframework.web.multipart.MultipartFile)
2018-11-24 23:02:23,752 [main] INFO (AbstractHandlerMethodMapping.java:543)- Mapped "{[/food/update],methods=[POST]}" onto public com.example.demo.config.bean.entity.ResultMap com.example.demo.controller.FoodController.update(java.lang.String,java.lang.String,java.lang.String,java.lang.Double,java.lang.String,java.lang.String,java.lang.Integer,java.lang.Integer,java.lang.String,java.lang.String,java.lang.String)
2018-11-24 23:02:23,753 [main] INFO (AbstractHandlerMethodMapping.java:543)- Mapped "{[/food/delete/one/by/id],methods=[POST]}" onto public com.example.demo.config.bean.entity.ResultMap com.example.demo.controller.FoodController.delete(java.lang.String)
2018-11-24 23:02:23,754 [main] INFO (AbstractHandlerMethodMapping.java:543)- Mapped "{[/food/create],methods=[POST]}" onto public com.example.demo.config.bean.entity.ResultMap com.example.demo.controller.FoodController.create(java.lang.String,java.lang.String,java.lang.Double,java.lang.String,java.lang.String,java.lang.Integer,java.lang.Integer,java.lang.String,java.lang.String,java.lang.String)
2018-11-24 23:02:23,755 [main] INFO (AbstractHandlerMethodMapping.java:543)- Mapped "{[/food/select/all],methods=[GET]}" onto public com.example.demo.config.bean.entity.ResultMap com.example.demo.controller.FoodController.selectAll()
2018-11-24 23:02:23,755 [main] INFO (AbstractHandlerMethodMapping.java:543)- Mapped "{[/food/select/one/by/id],methods=[GET]}" onto public com.example.demo.config.bean.entity.ResultMap com.example.demo.controller.FoodController.selectOneById(java.lang.String)
2018-11-24 23:02:23,756 [main] INFO (AbstractHandlerMethodMapping.java:543)- Mapped "{[/food/select/all/for/sys],methods=[GET]}" onto public com.example.demo.config.bean.entity.ResultMap com.example.demo.controller.FoodController.selectAllForSys(java.lang.Integer,java.lang.Integer)
2018-11-24 23:02:23,763 [main] INFO (AbstractHandlerMethodMapping.java:543)- Mapped "{[/menu/classify/update],methods=[POST]}" onto public com.example.demo.config.bean.entity.ResultMap com.example.demo.controller.MenuClassifyController.update(java.lang.String,java.lang.String,java.lang.Integer)
2018-11-24 23:02:23,764 [main] INFO (AbstractHandlerMethodMapping.java:543)- Mapped "{[/menu/classify/delete],methods=[POST]}" onto public com.example.demo.config.bean.entity.ResultMap com.example.demo.controller.MenuClassifyController.delete(java.lang.String)
2018-11-24 23:02:23,765 [main] INFO (AbstractHandlerMethodMapping.java:543)- Mapped "{[/menu/classify/create],methods=[POST]}" onto public com.example.demo.config.bean.entity.ResultMap com.example.demo.controller.MenuClassifyController.create(java.lang.String,java.lang.Integer)
2018-11-24 23:02:23,765 [main] INFO (AbstractHandlerMethodMapping.java:543)- Mapped "{[/menu/classify/select/all],methods=[GET]}" onto public com.example.demo.config.bean.entity.ResultMap com.example.demo.controller.MenuClassifyController.selectAll()
2018-11-24 23:02:23,766 [main] INFO (AbstractHandlerMethodMapping.java:543)- Mapped "{[/menu/classify/select/one/by/id],methods=[GET]}" onto public com.example.demo.config.bean.entity.ResultMap com.example.demo.controller.MenuClassifyController.selectOneById(java.lang.String)
2018-11-24 23:02:23,768 [main] INFO (AbstractHandlerMethodMapping.java:543)- Mapped "{[/menu/classify/select/all/for/sys],methods=[GET]}" onto public com.example.demo.config.bean.entity.ResultMap com.example.demo.controller.MenuClassifyController.selectAllForSys(java.lang.Integer,java.lang.Integer)
2018-11-24 23:02:23,770 [main] INFO (AbstractHandlerMethodMapping.java:543)- Mapped "{[/order/form/update],methods=[POST]}" onto public com.example.demo.config.bean.entity.ResultMap com.example.demo.controller.OrderFormController.update(java.lang.String,java.lang.Integer)
2018-11-24 23:02:23,771 [main] INFO (AbstractHandlerMethodMapping.java:543)- Mapped "{[/order/form/create],methods=[POST]}" onto public com.example.demo.config.bean.entity.ResultMap com.example.demo.controller.OrderFormController.create(com.example.demo.pojo.po.OrderFormPo,java.lang.String)
2018-11-24 23:02:23,772 [main] INFO (AbstractHandlerMethodMapping.java:543)- Mapped "{[/order/form/select/all],methods=[GET]}" onto public com.example.demo.config.bean.entity.ResultMap com.example.demo.controller.OrderFormController.selectAll(java.lang.String,java.lang.Boolean,java.lang.String,java.lang.Integer,java.lang.Integer)
2018-11-24 23:02:23,773 [main] INFO (AbstractHandlerMethodMapping.java:543)- Mapped "{[/order/form/select/one/by/id],methods=[GET]}" onto public com.example.demo.config.bean.entity.ResultMap com.example.demo.controller.OrderFormController.selectOneById(java.lang.String)
2018-11-24 23:02:23,774 [main] INFO (AbstractHandlerMethodMapping.java:543)- Mapped "{[/order/form/wx/notify],methods=[GET || POST]}" onto public java.lang.Object com.example.demo.controller.OrderFormController.wxNotify()
2018-11-24 23:02:23,775 [main] INFO (AbstractHandlerMethodMapping.java:543)- Mapped "{[/phone/code/check/for/{business}],methods=[GET]}" onto public java.lang.Object com.example.demo.controller.PhoneCodeController.checkForBusiness(java.lang.String,java.lang.String,java.lang.String,java.lang.String)
2018-11-24 23:02:23,776 [main] INFO (AbstractHandlerMethodMapping.java:543)- Mapped "{[/phone/code/send/for/{business}],methods=[GET]}" onto public java.lang.Object com.example.demo.controller.PhoneCodeController.sendForBusiness(java.lang.String,java.lang.String,java.lang.String)
2018-11-24 23:02:23,779 [main] INFO (AbstractHandlerMethodMapping.java:543)- Mapped "{[/sys/menu/first/update],methods=[POST]}" onto public com.example.demo.config.bean.entity.ResultMap com.example.demo.controller.SysMenuFirstController.update(java.lang.String,java.lang.String,java.lang.Integer)
2018-11-24 23:02:23,780 [main] INFO (AbstractHandlerMethodMapping.java:543)- Mapped "{[/sys/menu/first/delete],methods=[POST]}" onto public com.example.demo.config.bean.entity.ResultMap com.example.demo.controller.SysMenuFirstController.delete(java.lang.String)
2018-11-24 23:02:23,780 [main] INFO (AbstractHandlerMethodMapping.java:543)- Mapped "{[/sys/menu/first/create],methods=[POST]}" onto public com.example.demo.config.bean.entity.ResultMap com.example.demo.controller.SysMenuFirstController.create(java.lang.String,java.lang.Integer)
2018-11-24 23:02:23,781 [main] INFO (AbstractHandlerMethodMapping.java:543)- Mapped "{[/sys/menu/first/select/all],methods=[GET]}" onto public com.example.demo.config.bean.entity.ResultMap com.example.demo.controller.SysMenuFirstController.selectAll()
2018-11-24 23:02:23,783 [main] INFO (AbstractHandlerMethodMapping.java:543)- Mapped "{[/sys/menu/second/update],methods=[POST]}" onto public com.example.demo.config.bean.entity.ResultMap com.example.demo.controller.SysMenuSecondController.update(java.lang.String,java.lang.String,java.lang.String,java.lang.String,java.lang.Integer)
2018-11-24 23:02:23,784 [main] INFO (AbstractHandlerMethodMapping.java:543)- Mapped "{[/sys/menu/second/delete],methods=[POST]}" onto public com.example.demo.config.bean.entity.ResultMap com.example.demo.controller.SysMenuSecondController.delete(java.lang.String)
2018-11-24 23:02:23,785 [main] INFO (AbstractHandlerMethodMapping.java:543)- Mapped "{[/sys/menu/second/create],methods=[POST]}" onto public com.example.demo.config.bean.entity.ResultMap com.example.demo.controller.SysMenuSecondController.create(java.lang.String,java.lang.String,java.lang.String,java.lang.Integer)
2018-11-24 23:02:23,787 [main] INFO (AbstractHandlerMethodMapping.java:543)- Mapped "{[/sys/menu/second/select/all],methods=[GET]}" onto public com.example.demo.config.bean.entity.ResultMap com.example.demo.controller.SysMenuSecondController.selectAll()
2018-11-24 23:02:23,789 [main] INFO (AbstractHandlerMethodMapping.java:543)- Mapped "{[/test],methods=[GET]}" onto public java.lang.Object com.example.demo.controller.TestController.test()
2018-11-24 23:02:23,789 [main] INFO (AbstractHandlerMethodMapping.java:543)- Mapped "{[/xxx],methods=[GET]}" onto public java.lang.Object com.example.demo.controller.TestController.xxx(javax.servlet.http.HttpServletRequest,java.util.Map<java.lang.String, java.lang.Object>)
2018-11-24 23:02:23,790 [main] INFO (AbstractHandlerMethodMapping.java:543)- Mapped "{[/ddd],methods=[GET]}" onto public java.lang.Object com.example.demo.controller.TestController.ddd(javax.servlet.http.HttpServletRequest,java.util.Map<java.lang.String, java.lang.Object>)
2018-11-24 23:02:23,792 [main] INFO (AbstractHandlerMethodMapping.java:543)- Mapped "{[/user/update],methods=[POST]}" onto public com.example.demo.config.bean.entity.ResultMap com.example.demo.controller.UserController.update(java.lang.String,java.lang.String,java.lang.String,java.lang.String)
2018-11-24 23:02:23,793 [main] INFO (AbstractHandlerMethodMapping.java:543)- Mapped "{[/user/login],methods=[POST]}" onto public com.example.demo.config.bean.entity.ResultMap com.example.demo.controller.UserController.login(java.lang.String,java.lang.String,java.lang.String,java.lang.String)
2018-11-24 23:02:23,794 [main] INFO (AbstractHandlerMethodMapping.java:543)- Mapped "{[/user/select/all],methods=[GET]}" onto public com.example.demo.config.bean.entity.ResultMap com.example.demo.controller.UserController.selectAll(java.lang.Integer,java.lang.Integer)
2018-11-24 23:02:23,795 [main] INFO (AbstractHandlerMethodMapping.java:543)- Mapped "{[/user/select/user/by/id],methods=[GET]}" onto public com.example.demo.config.bean.entity.ResultMap com.example.demo.controller.UserController.selectUserById(java.lang.String)
2018-11-24 23:02:23,798 [main] INFO (AbstractHandlerMethodMapping.java:543)- Mapped "{[/error]}" onto public org.springframework.http.ResponseEntity<java.util.Map<java.lang.String, java.lang.Object>> org.springframework.boot.autoconfigure.web.BasicErrorController.error(javax.servlet.http.HttpServletRequest)
2018-11-24 23:02:23,799 [main] INFO (AbstractHandlerMethodMapping.java:543)- Mapped "{[/error],produces=[text/html]}" onto public org.springframework.web.servlet.ModelAndView org.springframework.boot.autoconfigure.web.BasicErrorController.errorHtml(javax.servlet.http.HttpServletRequest,javax.servlet.http.HttpServletResponse)
2018-11-24 23:02:23,846 [main] INFO (AbstractUrlHandlerMapping.java:349)- Root mapping to handler of type [class org.springframework.web.servlet.mvc.ParameterizableViewController]
2018-11-24 23:02:23,870 [main] INFO (AbstractUrlHandlerMapping.java:362)- Mapped URL path [/webjars/**] onto handler of type [class org.springframework.web.servlet.resource.ResourceHttpRequestHandler]
2018-11-24 23:02:23,871 [main] INFO (AbstractUrlHandlerMapping.java:362)- Mapped URL path [/**] onto handler of type [class org.springframework.web.servlet.resource.ResourceHttpRequestHandler]
2018-11-24 23:02:23,902 [main] INFO (ExceptionHandlerExceptionResolver.java:273)- Detected @ExceptionHandler methods in controllerAdviceController
2018-11-24 23:02:23,999 [main] INFO (AbstractUrlHandlerMapping.java:362)- Mapped URL path [/**/favicon.ico] onto handler of type [class org.springframework.web.servlet.resource.ResourceHttpRequestHandler]
2018-11-24 23:02:24,063 [main] INFO (WebMvcAutoConfiguration.java:549)- Adding welcome page: class path resource [static/index.html]
2018-11-24 23:02:25,235 [main] INFO (MBeanExporter.java:431)- Registering beans for JMX exposure on startup
2018-11-24 23:02:25,239 [main] INFO (MBeanExporter.java:916)- Bean with name 'dataSource' has been autodetected for JMX exposure
2018-11-24 23:02:25,248 [main] INFO (MBeanExporter.java:916)- Bean with name 'rabbitConnectionFactory' has been autodetected for JMX exposure
2018-11-24 23:02:25,252 [main] INFO (MBeanExporter.java:671)- Located MBean 'dataSource': registering with JMX server as MBean [com.alibaba.druid.pool:name=dataSource,type=DruidDataSource]
2018-11-24 23:02:25,257 [main] INFO (MBeanExporter.java:678)- Located managed bean 'rabbitConnectionFactory': registering with JMX server as MBean [org.springframework.amqp.rabbit.connection:name=rabbitConnectionFactory,type=CachingConnectionFactory]
2018-11-24 23:02:25,299 [main] INFO (DefaultLifecycleProcessor.java:343)- Starting beans in phase -2147482648
2018-11-24 23:02:25,300 [main] INFO (DefaultLifecycleProcessor.java:343)- Starting beans in phase 2147483647
2018-11-24 23:02:25,427 [main] INFO (TomcatEmbeddedServletContainer.java:201)- Tomcat started on port(s): 8080 (http)
2018-11-24 23:02:25,472 [main] INFO (StartupInfoLogger.java:57)- Started Application in 11.209 seconds (JVM running for 12.221)
2018-11-24 23:02:25,473 [main] INFO (Application.java:17)- 启动完毕...
2018-11-24 23:33:14,559 [http-nio-8080-exec-2] INFO (DirectJDKLog.java:179)- Initializing Spring FrameworkServlet 'dispatcherServlet'
2018-11-24 23:33:14,560 [http-nio-8080-exec-2] INFO (FrameworkServlet.java:489)- FrameworkServlet 'dispatcherServlet': initialization started
2018-11-24 23:33:14,628 [http-nio-8080-exec-2] INFO (FrameworkServlet.java:508)- FrameworkServlet 'dispatcherServlet': initialization completed in 68 ms
2018-11-24 23:33:15,815 [http-nio-8080-exec-2] INFO (DruidDataSource.java:847)- {dataSource-1} inited
