2018-10-31 21:48:00,498 [main] INFO (StartupInfoLogger.java:48)- Starting Application on USER-20170606XK with PID 6612 (C:\Users\Administrator\Desktop\dianc\QiHeiDeHuaZhiGouHuo-spring-2-master\spring-2\target\classes started by Administrator in C:\Users\Administrator\Desktop\dianc\QiHeiDeHuaZhiGouHuo-spring-2-master\spring-2)
2018-10-31 21:48:00,854 [main] INFO (SpringApplication.java:593)- No active profile set, falling back to default profiles: default
2018-10-31 21:48:01,263 [main] INFO (AbstractApplicationContext.java:583)- Refreshing org.springframework.boot.context.embedded.AnnotationConfigEmbeddedWebApplicationContext@7ce3cb8e: startup date [Wed Oct 31 21:48:01 CST 2018]; root of context hierarchy
2018-10-31 21:48:08,300 [main] INFO (XmlBeanDefinitionReader.java:317)- Loading XML bean definitions from file [C:\Users\Administrator\Desktop\dianc\QiHeiDeHuaZhiGouHuo-spring-2-master\spring-2\target\classes\spring\spring-aop.xml]
2018-10-31 21:48:18,037 [main] INFO (XmlBeanDefinitionReader.java:317)- Loading XML bean definitions from file [C:\Users\Administrator\Desktop\dianc\QiHeiDeHuaZhiGouHuo-spring-2-master\spring-2\target\classes\spring\spring-mvc.xml]
2018-10-31 21:48:19,364 [main] INFO (RepositoryConfigurationDelegate.java:165)- Multiple Spring Data modules found, entering strict repository configuration mode!
2018-10-31 21:48:21,923 [main] INFO (PostProcessorRegistrationDelegate.java:325)- Bean 'commonConfig' of type [com.example.demo.config.bean.CommonConfig$$EnhancerBySpringCGLIB$$99d5a749] is not eligible for getting processed by all BeanPostProcessors (for example: not eligible for auto-proxying)
2018-10-31 21:48:22,083 [main] INFO (PostProcessorRegistrationDelegate.java:325)- Bean 'messageSource' of type [org.springframework.context.support.ReloadableResourceBundleMessageSource] is not eligible for getting processed by all BeanPostProcessors (for example: not eligible for auto-proxying)
2018-10-31 21:48:22,427 [main] INFO (PostProcessorRegistrationDelegate.java:325)- Bean 'validator' of type [org.springframework.validation.beanvalidation.LocalValidatorFactoryBean] is not eligible for getting processed by all BeanPostProcessors (for example: not eligible for auto-proxying)
2018-10-31 21:48:22,641 [main] INFO (PostProcessorRegistrationDelegate.java:325)- Bean 'org.springframework.amqp.rabbit.annotation.RabbitBootstrapConfiguration' of type [org.springframework.amqp.rabbit.annotation.RabbitBootstrapConfiguration$$EnhancerBySpringCGLIB$$e87a3f79] is not eligible for getting processed by all BeanPostProcessors (for example: not eligible for auto-proxying)
2018-10-31 21:48:29,693 [main] INFO (TomcatEmbeddedServletContainer.java:89)- Tomcat initialized with port(s): 8080 (http)
2018-10-31 21:48:29,779 [main] INFO (DirectJDKLog.java:179)- Starting service [Tomcat]
2018-10-31 21:48:29,787 [main] INFO (DirectJDKLog.java:179)- Starting Servlet Engine: Apache Tomcat/8.5.15
2018-10-31 21:48:30,429 [localhost-startStop-1] INFO (DirectJDKLog.java:179)- Initializing Spring embedded WebApplicationContext
2018-10-31 21:48:30,431 [localhost-startStop-1] INFO (EmbeddedWebApplicationContext.java:276)- Root WebApplicationContext: initialization completed in 29168 ms
2018-10-31 21:48:31,208 [localhost-startStop-1] INFO (ServletRegistrationBean.java:190)- Mapping servlet: 'dispatcherServlet' to [/]
2018-10-31 21:48:31,212 [localhost-startStop-1] INFO (ServletRegistrationBean.java:190)- Mapping servlet: 'statViewServlet' to [/druid/*]
2018-10-31 21:48:31,222 [localhost-startStop-1] INFO (AbstractFilterRegistrationBean.java:258)- Mapping filter: 'characterEncodingFilter' to: [/*]
2018-10-31 21:48:31,224 [localhost-startStop-1] INFO (AbstractFilterRegistrationBean.java:258)- Mapping filter: 'hiddenHttpMethodFilter' to: [/*]
2018-10-31 21:48:31,225 [localhost-startStop-1] INFO (AbstractFilterRegistrationBean.java:258)- Mapping filter: 'httpPutFormContentFilter' to: [/*]
2018-10-31 21:48:31,226 [localhost-startStop-1] INFO (AbstractFilterRegistrationBean.java:258)- Mapping filter: 'requestContextFilter' to: [/*]
2018-10-31 21:48:31,228 [localhost-startStop-1] INFO (AbstractFilterRegistrationBean.java:271)- Mapping filter: 'webStatFilter' to urls: [/*]
2018-10-31 21:48:31,229 [localhost-startStop-1] INFO (AbstractFilterRegistrationBean.java:258)- Mapping filter: 'webContextFilter' to: [/*]
2018-10-31 21:48:52,851 [main] INFO (RequestMappingHandlerAdapter.java:534)- Looking for @ControllerAdvice: org.springframework.boot.context.embedded.AnnotationConfigEmbeddedWebApplicationContext@7ce3cb8e: startup date [Wed Oct 31 21:48:01 CST 2018]; root of context hierarchy
2018-10-31 21:48:53,580 [main] INFO (AbstractHandlerMethodMapping.java:543)- Mapped "{[/admin/login],methods=[GET]}" onto public com.example.demo.config.bean.entity.ResultMap com.example.demo.controller.AdminController.login(java.lang.String,java.lang.String)
2018-10-31 21:48:53,587 [main] INFO (AbstractHandlerMethodMapping.java:543)- Mapped "{[/file/upload/a/multipart/file],methods=[POST]}" onto public com.example.demo.config.bean.entity.ResultMap com.example.demo.controller.FileUploadController.aMultipartFile(org.springframework.web.multipart.MultipartFile)
2018-10-31 21:48:53,600 [main] INFO (AbstractHandlerMethodMapping.java:543)- Mapped "{[/food/update],methods=[POST]}" onto public com.example.demo.config.bean.entity.ResultMap com.example.demo.controller.FoodController.update(java.lang.String,java.lang.String,java.lang.String,java.lang.Double,java.lang.String,java.lang.String,java.lang.Integer,java.lang.Integer,java.lang.String,java.lang.String,java.lang.String)
2018-10-31 21:48:53,602 [main] INFO (AbstractHandlerMethodMapping.java:543)- Mapped "{[/food/delete/one/by/id],methods=[POST]}" onto public com.example.demo.config.bean.entity.ResultMap com.example.demo.controller.FoodController.delete(java.lang.String)
2018-10-31 21:48:53,604 [main] INFO (AbstractHandlerMethodMapping.java:543)- Mapped "{[/food/create],methods=[POST]}" onto public com.example.demo.config.bean.entity.ResultMap com.example.demo.controller.FoodController.create(java.lang.String,java.lang.String,java.lang.Double,java.lang.String,java.lang.String,java.lang.Integer,java.lang.Integer,java.lang.String,java.lang.String,java.lang.String)
2018-10-31 21:48:53,613 [main] INFO (AbstractHandlerMethodMapping.java:543)- Mapped "{[/food/select/all],methods=[GET]}" onto public com.example.demo.config.bean.entity.ResultMap com.example.demo.controller.FoodController.selectAll()
2018-10-31 21:48:53,615 [main] INFO (AbstractHandlerMethodMapping.java:543)- Mapped "{[/food/select/one/by/id],methods=[GET]}" onto public com.example.demo.config.bean.entity.ResultMap com.example.demo.controller.FoodController.selectOneById(java.lang.String)
2018-10-31 21:48:53,617 [main] INFO (AbstractHandlerMethodMapping.java:543)- Mapped "{[/food/select/all/for/sys],methods=[GET]}" onto public com.example.demo.config.bean.entity.ResultMap com.example.demo.controller.FoodController.selectAllForSys(java.lang.Integer,java.lang.Integer)
2018-10-31 21:48:53,629 [main] INFO (AbstractHandlerMethodMapping.java:543)- Mapped "{[/menu/classify/update],methods=[POST]}" onto public com.example.demo.config.bean.entity.ResultMap com.example.demo.controller.MenuClassifyController.update(java.lang.String,java.lang.String,java.lang.Integer)
2018-10-31 21:48:53,632 [main] INFO (AbstractHandlerMethodMapping.java:543)- Mapped "{[/menu/classify/delete],methods=[POST]}" onto public com.example.demo.config.bean.entity.ResultMap com.example.demo.controller.MenuClassifyController.delete(java.lang.String)
2018-10-31 21:48:53,640 [main] INFO (AbstractHandlerMethodMapping.java:543)- Mapped "{[/menu/classify/create],methods=[POST]}" onto public com.example.demo.config.bean.entity.ResultMap com.example.demo.controller.MenuClassifyController.create(java.lang.String,java.lang.Integer)
2018-10-31 21:48:53,647 [main] INFO (AbstractHandlerMethodMapping.java:543)- Mapped "{[/menu/classify/select/all],methods=[GET]}" onto public com.example.demo.config.bean.entity.ResultMap com.example.demo.controller.MenuClassifyController.selectAll()
2018-10-31 21:48:53,649 [main] INFO (AbstractHandlerMethodMapping.java:543)- Mapped "{[/menu/classify/select/one/by/id],methods=[GET]}" onto public com.example.demo.config.bean.entity.ResultMap com.example.demo.controller.MenuClassifyController.selectOneById(java.lang.String)
2018-10-31 21:48:53,651 [main] INFO (AbstractHandlerMethodMapping.java:543)- Mapped "{[/menu/classify/select/all/for/sys],methods=[GET]}" onto public com.example.demo.config.bean.entity.ResultMap com.example.demo.controller.MenuClassifyController.selectAllForSys(java.lang.Integer,java.lang.Integer)
2018-10-31 21:48:53,677 [main] INFO (AbstractHandlerMethodMapping.java:543)- Mapped "{[/order/form/update],methods=[POST]}" onto public com.example.demo.config.bean.entity.ResultMap com.example.demo.controller.OrderFormController.update(java.lang.String,java.lang.Integer)
2018-10-31 21:48:53,695 [main] INFO (AbstractHandlerMethodMapping.java:543)- Mapped "{[/order/form/create],methods=[POST]}" onto public com.example.demo.config.bean.entity.ResultMap com.example.demo.controller.OrderFormController.create(com.example.demo.pojo.po.OrderFormPo,java.lang.String)
2018-10-31 21:48:53,698 [main] INFO (AbstractHandlerMethodMapping.java:543)- Mapped "{[/order/form/select/all],methods=[GET]}" onto public com.example.demo.config.bean.entity.ResultMap com.example.demo.controller.OrderFormController.selectAll(java.lang.String,java.lang.Boolean,java.lang.String,java.lang.Integer,java.lang.Integer)
2018-10-31 21:48:53,700 [main] INFO (AbstractHandlerMethodMapping.java:543)- Mapped "{[/order/form/select/one/by/id],methods=[GET]}" onto public com.example.demo.config.bean.entity.ResultMap com.example.demo.controller.OrderFormController.selectOneById(java.lang.String)
2018-10-31 21:48:53,702 [main] INFO (AbstractHandlerMethodMapping.java:543)- Mapped "{[/order/form/wx/notify],methods=[GET || POST]}" onto public java.lang.Object com.example.demo.controller.OrderFormController.wxNotify()
2018-10-31 21:48:53,718 [main] INFO (AbstractHandlerMethodMapping.java:543)- Mapped "{[/phone/code/send/for/{business}],methods=[GET]}" onto public java.lang.Object com.example.demo.controller.PhoneCodeController.sendForBusiness(java.lang.String,java.lang.String,java.lang.String)
2018-10-31 21:48:53,721 [main] INFO (AbstractHandlerMethodMapping.java:543)- Mapped "{[/phone/code/check/for/{business}],methods=[GET]}" onto public java.lang.Object com.example.demo.controller.PhoneCodeController.checkForBusiness(java.lang.String,java.lang.String,java.lang.String,java.lang.String)
2018-10-31 21:48:53,729 [main] INFO (AbstractHandlerMethodMapping.java:543)- Mapped "{[/sys/menu/first/update],methods=[POST]}" onto public com.example.demo.config.bean.entity.ResultMap com.example.demo.controller.SysMenuFirstController.update(java.lang.String,java.lang.String,java.lang.Integer)
2018-10-31 21:48:53,732 [main] INFO (AbstractHandlerMethodMapping.java:543)- Mapped "{[/sys/menu/first/delete],methods=[POST]}" onto public com.example.demo.config.bean.entity.ResultMap com.example.demo.controller.SysMenuFirstController.delete(java.lang.String)
2018-10-31 21:48:53,733 [main] INFO (AbstractHandlerMethodMapping.java:543)- Mapped "{[/sys/menu/first/create],methods=[POST]}" onto public com.example.demo.config.bean.entity.ResultMap com.example.demo.controller.SysMenuFirstController.create(java.lang.String,java.lang.Integer)
2018-10-31 21:48:53,736 [main] INFO (AbstractHandlerMethodMapping.java:543)- Mapped "{[/sys/menu/first/select/all],methods=[GET]}" onto public com.example.demo.config.bean.entity.ResultMap com.example.demo.controller.SysMenuFirstController.selectAll()
2018-10-31 21:48:53,744 [main] INFO (AbstractHandlerMethodMapping.java:543)- Mapped "{[/sys/menu/second/update],methods=[POST]}" onto public com.example.demo.config.bean.entity.ResultMap com.example.demo.controller.SysMenuSecondController.update(java.lang.String,java.lang.String,java.lang.String,java.lang.String,java.lang.Integer)
2018-10-31 21:48:53,746 [main] INFO (AbstractHandlerMethodMapping.java:543)- Mapped "{[/sys/menu/second/delete],methods=[POST]}" onto public com.example.demo.config.bean.entity.ResultMap com.example.demo.controller.SysMenuSecondController.delete(java.lang.String)
2018-10-31 21:48:53,748 [main] INFO (AbstractHandlerMethodMapping.java:543)- Mapped "{[/sys/menu/second/create],methods=[POST]}" onto public com.example.demo.config.bean.entity.ResultMap com.example.demo.controller.SysMenuSecondController.create(java.lang.String,java.lang.String,java.lang.String,java.lang.Integer)
2018-10-31 21:48:53,750 [main] INFO (AbstractHandlerMethodMapping.java:543)- Mapped "{[/sys/menu/second/select/all],methods=[GET]}" onto public com.example.demo.config.bean.entity.ResultMap com.example.demo.controller.SysMenuSecondController.selectAll()
2018-10-31 21:48:53,753 [main] INFO (AbstractHandlerMethodMapping.java:543)- Mapped "{[/test],methods=[GET]}" onto public java.lang.Object com.example.demo.controller.TestController.test()
2018-10-31 21:48:53,754 [main] INFO (AbstractHandlerMethodMapping.java:543)- Mapped "{[/xxx],methods=[GET]}" onto public java.lang.Object com.example.demo.controller.TestController.xxx(javax.servlet.http.HttpServletRequest,java.util.Map<java.lang.String, java.lang.Object>)
2018-10-31 21:48:53,756 [main] INFO (AbstractHandlerMethodMapping.java:543)- Mapped "{[/ddd],methods=[GET]}" onto public java.lang.Object com.example.demo.controller.TestController.ddd(javax.servlet.http.HttpServletRequest,java.util.Map<java.lang.String, java.lang.Object>)
2018-10-31 21:48:53,759 [main] INFO (AbstractHandlerMethodMapping.java:543)- Mapped "{[/user/update],methods=[POST]}" onto public com.example.demo.config.bean.entity.ResultMap com.example.demo.controller.UserController.update(java.lang.String,java.lang.String,java.lang.String,java.lang.String)
2018-10-31 21:48:53,761 [main] INFO (AbstractHandlerMethodMapping.java:543)- Mapped "{[/user/login],methods=[POST]}" onto public com.example.demo.config.bean.entity.ResultMap com.example.demo.controller.UserController.login(java.lang.String,java.lang.String,java.lang.String,java.lang.String)
2018-10-31 21:48:53,762 [main] INFO (AbstractHandlerMethodMapping.java:543)- Mapped "{[/user/select/all],methods=[GET]}" onto public com.example.demo.config.bean.entity.ResultMap com.example.demo.controller.UserController.selectAll(java.lang.Integer,java.lang.Integer)
2018-10-31 21:48:53,763 [main] INFO (AbstractHandlerMethodMapping.java:543)- Mapped "{[/user/select/user/by/id],methods=[GET]}" onto public com.example.demo.config.bean.entity.ResultMap com.example.demo.controller.UserController.selectUserById(java.lang.String)
2018-10-31 21:48:53,768 [main] INFO (AbstractHandlerMethodMapping.java:543)- Mapped "{[/error]}" onto public org.springframework.http.ResponseEntity<java.util.Map<java.lang.String, java.lang.Object>> org.springframework.boot.autoconfigure.web.BasicErrorController.error(javax.servlet.http.HttpServletRequest)
2018-10-31 21:48:53,770 [main] INFO (AbstractHandlerMethodMapping.java:543)- Mapped "{[/error],produces=[text/html]}" onto public org.springframework.web.servlet.ModelAndView org.springframework.boot.autoconfigure.web.BasicErrorController.errorHtml(javax.servlet.http.HttpServletRequest,javax.servlet.http.HttpServletResponse)
2018-10-31 21:48:53,862 [main] INFO (AbstractUrlHandlerMapping.java:349)- Root mapping to handler of type [class org.springframework.web.servlet.mvc.ParameterizableViewController]
2018-10-31 21:48:53,962 [main] INFO (AbstractUrlHandlerMapping.java:362)- Mapped URL path [/webjars/**] onto handler of type [class org.springframework.web.servlet.resource.ResourceHttpRequestHandler]
2018-10-31 21:48:53,964 [main] INFO (AbstractUrlHandlerMapping.java:362)- Mapped URL path [/**] onto handler of type [class org.springframework.web.servlet.resource.ResourceHttpRequestHandler]
2018-10-31 21:48:54,067 [main] INFO (ExceptionHandlerExceptionResolver.java:273)- Detected @ExceptionHandler methods in controllerAdviceController
2018-10-31 21:48:54,198 [main] INFO (AbstractUrlHandlerMapping.java:362)- Mapped URL path [/**/favicon.ico] onto handler of type [class org.springframework.web.servlet.resource.ResourceHttpRequestHandler]
2018-10-31 21:48:54,315 [main] INFO (WebMvcAutoConfiguration.java:549)- Adding welcome page: class path resource [static/index.html]
2018-10-31 21:48:56,411 [main] INFO (MBeanExporter.java:431)- Registering beans for JMX exposure on startup
2018-10-31 21:48:56,419 [main] INFO (MBeanExporter.java:916)- Bean with name 'dataSource' has been autodetected for JMX exposure
2018-10-31 21:48:56,443 [main] INFO (MBeanExporter.java:916)- Bean with name 'rabbitConnectionFactory' has been autodetected for JMX exposure
2018-10-31 21:48:56,450 [main] INFO (MBeanExporter.java:671)- Located MBean 'dataSource': registering with JMX server as MBean [com.alibaba.druid.pool:name=dataSource,type=DruidDataSource]
2018-10-31 21:48:56,471 [main] INFO (MBeanExporter.java:678)- Located managed bean 'rabbitConnectionFactory': registering with JMX server as MBean [org.springframework.amqp.rabbit.connection:name=rabbitConnectionFactory,type=CachingConnectionFactory]
2018-10-31 21:48:56,551 [main] INFO (DefaultLifecycleProcessor.java:343)- Starting beans in phase -2147482648
2018-10-31 21:48:56,552 [main] INFO (DefaultLifecycleProcessor.java:343)- Starting beans in phase 2147483647
2018-10-31 21:48:56,979 [main] INFO (TomcatEmbeddedServletContainer.java:201)- Tomcat started on port(s): 8080 (http)
2018-10-31 21:48:57,008 [main] INFO (StartupInfoLogger.java:57)- Started Application in 57.783 seconds (JVM running for 61.251)
2018-10-31 21:48:57,009 [main] INFO (Application.java:17)- 启动完毕...
2018-10-31 21:49:24,394 [http-nio-8080-exec-2] INFO (DirectJDKLog.java:179)- Initializing Spring FrameworkServlet 'dispatcherServlet'
2018-10-31 21:49:24,397 [http-nio-8080-exec-2] INFO (FrameworkServlet.java:489)- FrameworkServlet 'dispatcherServlet': initialization started
2018-10-31 21:49:24,514 [http-nio-8080-exec-2] INFO (FrameworkServlet.java:508)- FrameworkServlet 'dispatcherServlet': initialization completed in 115 ms
2018-10-31 21:49:24,940 [http-nio-8080-exec-2] INFO (OrderFormServiceImpl.java:65)- 99999999999999999==================null
2018-10-31 21:49:25,398 [http-nio-8080-exec-2] INFO (DruidDataSource.java:847)- {dataSource-1} inited
2018-10-31 21:49:29,271 [http-nio-8080-exec-2] INFO (WXPayReport.java:136)- report worker num: 6
2018-10-31 21:49:29,286 [http-nio-8080-exec-2] INFO (WXPayReport.java:201)- report v1,WXPaySDK/3.0.9,9rzbVCj9CBWED8FjRW9WmXdfDZdwzZGJ,1540993769,1077,api.mch.weixin.qq.com,true,6000,8000,0,0,0,5DA415E38A358453931CA6E1B65E615D38B97FB60A0D32222A913F49EF7A7E0D
2018-10-31 21:49:29,298 [http-nio-8080-exec-2] INFO (OrderFormServiceImpl.java:168)- {nonce_str=cMwvYsu7usSDujuB, device_info=WEB, appid=wx6a1d6b060cea6721, sign=69BBCF70CD72556DD6CFF635CB48AF870377A090CE06561CE7E52D2CBD39E31B, trade_type=JSAPI, return_msg=OK, result_code=SUCCESS, mch_id=1516206351, return_code=SUCCESS, prepay_id=wx31214926211626ec322453bc2963041926}
2018-10-31 21:49:29,301 [http-nio-8080-exec-2] INFO (OrderFormServiceImpl.java:144)- {timeStamp=1540993769, package=prepay_id=wx31214926211626ec322453bc2963041926, orderNo=20181031214927243, paySign=7CF52B74979ED00DFA8434BEA09AB556D47A5C2AAA216D70E0A1365F33668A80, orderId=386693f5ac98ac7ae1eaf0a5cf95a6ca, signType=HMAC-SHA256, nonceStr=9003717CDBB54F96BE7D736456A4768B}
2018-10-31 21:49:29,311 [pool-4-thread-1] INFO (WXPayReport.java:145)- get first report msg: v1,WXPaySDK/3.0.9,9rzbVCj9CBWED8FjRW9WmXdfDZdwzZGJ,1540993769,1077,api.mch.weixin.qq.com,true,6000,8000,0,0,0,5DA415E38A358453931CA6E1B65E615D38B97FB60A0D32222A913F49EF7A7E0D
2018-10-31 21:49:29,320 [pool-4-thread-1] INFO (WXPayReport.java:150)- try get remain report msg
2018-10-31 21:51:56,403 [http-nio-8080-exec-4] INFO (OrderFormServiceImpl.java:65)- 99999999999999999==================
2018-10-31 21:51:57,134 [http-nio-8080-exec-4] INFO (WXPayReport.java:201)- report v1,WXPaySDK/3.0.9,LbCFMt2wyqeRyatgSVfVvJ3AoyTmV5zx,1540993917,379,api.mch.weixin.qq.com,true,6000,8000,0,0,0,CCF4317816E661B4F26513A0BA3CEB55061FCF0DE4B4149EA995FC4841C885BF
2018-10-31 21:51:57,148 [http-nio-8080-exec-4] INFO (OrderFormServiceImpl.java:168)- {nonce_str=UsXqQQnRu3b0BVNL, device_info=WEB, appid=wx6a1d6b060cea6721, sign=A2BB073B79F68CC40A4D20F8BFF9924E49568023CDB5AA03854E3075C72629A3, trade_type=JSAPI, return_msg=OK, result_code=SUCCESS, mch_id=1516206351, return_code=SUCCESS, prepay_id=wx31215154092536114d8206202124281335}
2018-10-31 21:51:57,151 [http-nio-8080-exec-4] INFO (OrderFormServiceImpl.java:144)- {timeStamp=1540993917, package=prepay_id=wx31215154092536114d8206202124281335, orderNo=20181031215156492, paySign=8D799D20F20271D66D0D2F5207424772605D6350A9A212B05779195698022C1F, orderId=6c98161583f2e1e06af0af90cab477cd, signType=HMAC-SHA256, nonceStr=A568A2F2C1B640589EE836C8838BA744}
2018-10-31 21:51:57,162 [pool-5-thread-1] INFO (WXPayReport.java:145)- get first report msg: v1,WXPaySDK/3.0.9,LbCFMt2wyqeRyatgSVfVvJ3AoyTmV5zx,1540993917,379,api.mch.weixin.qq.com,true,6000,8000,0,0,0,CCF4317816E661B4F26513A0BA3CEB55061FCF0DE4B4149EA995FC4841C885BF
2018-10-31 21:51:57,164 [pool-5-thread-1] INFO (WXPayReport.java:150)- try get remain report msg
2018-10-31 21:53:02,927 [http-nio-8080-exec-6] INFO (OrderFormServiceImpl.java:65)- 99999999999999999==================undefined
2018-10-31 21:53:02,930 [http-nio-8080-exec-6] INFO (OrderFormServiceImpl.java:346)- 重复订单：undefined
2018-10-31 21:53:03,905 [http-nio-8080-exec-6] INFO (WXPayReport.java:201)- report v1,WXPaySDK/3.0.9,Hhazp2o163zO5Wuw9rudFAhuMVvV9aHA,1540993983,499,api.mch.weixin.qq.com,true,6000,8000,0,0,0,A0F4AC7854EAAB49637A8811657951391F7AE75F7214D1BBE38C82B2166BCC9A
2018-10-31 21:53:03,908 [pool-6-thread-1] INFO (WXPayReport.java:145)- get first report msg: v1,WXPaySDK/3.0.9,Hhazp2o163zO5Wuw9rudFAhuMVvV9aHA,1540993983,499,api.mch.weixin.qq.com,true,6000,8000,0,0,0,A0F4AC7854EAAB49637A8811657951391F7AE75F7214D1BBE38C82B2166BCC9A
2018-10-31 21:53:03,910 [pool-6-thread-1] INFO (WXPayReport.java:150)- try get remain report msg
2018-10-31 21:53:03,917 [http-nio-8080-exec-6] INFO (OrderFormServiceImpl.java:168)- {nonce_str=BdDol0EghueVoxdu, device_info=WEB, appid=wx6a1d6b060cea6721, sign=477CD9FADDD288914C5D9CF88806B96F55C6FD5A5602AFCA552D853C9983422D, trade_type=JSAPI, return_msg=OK, result_code=SUCCESS, mch_id=1516206351, return_code=SUCCESS, prepay_id=wx31215300872351f09cd1c4434144489326}
2018-10-31 21:53:03,921 [http-nio-8080-exec-6] INFO (OrderFormServiceImpl.java:144)- {timeStamp=1540993983, package=prepay_id=wx31215300872351f09cd1c4434144489326, orderNo=20181031215303166, paySign=2B091138170E866EAF6E6D694ED8BFFC047A5266BEB8B4D8439CC55A820199F3, orderId=019291554e4a7d22b78f9e38219b07b6, signType=HMAC-SHA256, nonceStr=A1D76A60A5B14C9584118703C5D70FF9}
2018-10-31 21:59:20,555 [http-nio-8080-exec-5] INFO (OrderFormServiceImpl.java:65)- 99999999999999999==================
2018-10-31 21:59:21,195 [http-nio-8080-exec-5] INFO (WXPayReport.java:201)- report v1,WXPaySDK/3.0.9,1n2Wepye9m6xHd8c33swNqIdLiv9vyQp,1540994361,331,api.mch.weixin.qq.com,true,6000,8000,0,0,0,C38F765DE59FF3495465236358C19E9B8F0D12CFE7F61DDE854659E59BC7C983
2018-10-31 21:59:21,202 [pool-7-thread-1] INFO (WXPayReport.java:145)- get first report msg: v1,WXPaySDK/3.0.9,1n2Wepye9m6xHd8c33swNqIdLiv9vyQp,1540994361,331,api.mch.weixin.qq.com,true,6000,8000,0,0,0,C38F765DE59FF3495465236358C19E9B8F0D12CFE7F61DDE854659E59BC7C983
2018-10-31 21:59:21,205 [pool-7-thread-1] INFO (WXPayReport.java:150)- try get remain report msg
2018-10-31 21:59:21,215 [http-nio-8080-exec-5] INFO (OrderFormServiceImpl.java:168)- {nonce_str=Mlxz9hS5zfARAfU1, device_info=WEB, appid=wx6a1d6b060cea6721, sign=79B3895E13BCACE087BDB883A988A66FDEE7997749D3EE6051C5304DDE9AB78E, trade_type=JSAPI, return_msg=OK, result_code=SUCCESS, mch_id=1516206351, return_code=SUCCESS, prepay_id=wx31215918183026fa7dfc91f73668197888}
2018-10-31 21:59:21,219 [http-nio-8080-exec-5] INFO (OrderFormServiceImpl.java:144)- {timeStamp=1540994361, package=prepay_id=wx31215918183026fa7dfc91f73668197888, orderNo=20181031215920636, paySign=98F3E7D42FBF82467BDB59BBDB711DFA4C5A1017B3C2549812A9B01085E3BC30, orderId=3ad97baa731a9df84a138497d584b59a, signType=HMAC-SHA256, nonceStr=9528DAA3E0C84D96A5702EC767B7CDF0}
2018-10-31 21:59:44,265 [http-nio-8080-exec-3] INFO (OrderFormServiceImpl.java:65)- 99999999999999999==================20181031215920636
2018-10-31 21:59:44,268 [http-nio-8080-exec-3] INFO (OrderFormServiceImpl.java:346)- 重复订单：20181031215920636
2018-10-31 21:59:44,997 [http-nio-8080-exec-3] INFO (WXPayReport.java:201)- report v1,WXPaySDK/3.0.9,vp4ok6Ky8tCCmdoh8lpQYnpSh2J79Q64,1540994384,297,api.mch.weixin.qq.com,true,6000,8000,0,0,0,96DC9966DF981D7B6C461F661A2A773FCDC68AD72FD0EB4E2619C4DCCCF9F83D
2018-10-31 21:59:45,006 [pool-9-thread-1] INFO (WXPayReport.java:145)- get first report msg: v1,WXPaySDK/3.0.9,vp4ok6Ky8tCCmdoh8lpQYnpSh2J79Q64,1540994384,297,api.mch.weixin.qq.com,true,6000,8000,0,0,0,96DC9966DF981D7B6C461F661A2A773FCDC68AD72FD0EB4E2619C4DCCCF9F83D
2018-10-31 21:59:45,008 [pool-9-thread-1] INFO (WXPayReport.java:150)- try get remain report msg
2018-10-31 21:59:45,013 [http-nio-8080-exec-3] INFO (OrderFormServiceImpl.java:168)- {nonce_str=b0gH9figREo0uBqr, device_info=WEB, appid=wx6a1d6b060cea6721, sign=BAE562F44F8969A87387E1705EF7B0B9078A69F66CAFCD14FAD8BDF0F01BCD0B, trade_type=JSAPI, return_msg=OK, result_code=SUCCESS, mch_id=1516206351, return_code=SUCCESS, prepay_id=wx31215941974646cfcf4ebc974222344463}
2018-10-31 21:59:45,016 [http-nio-8080-exec-3] INFO (OrderFormServiceImpl.java:144)- {timeStamp=1540994385, package=prepay_id=wx31215941974646cfcf4ebc974222344463, orderNo=20181031215944487, paySign=D408B345499D42D58CF0F1D0AAFB9EC349FA9C0C1890F01BE94DCAC1C9DF26D1, orderId=885581ad239d76c2f7de66fad2049690, signType=HMAC-SHA256, nonceStr=2A65909C20DA49D3A8E2FB2B03173CF4}
2018-10-31 22:11:59,504 [http-nio-8080-exec-2] INFO (OrderFormServiceImpl.java:65)- 99999999999999999==================
2018-10-31 22:12:00,121 [http-nio-8080-exec-2] INFO (WXPayReport.java:201)- report v1,WXPaySDK/3.0.9,IGIjPX02vWaa0z8iqGWZPbKhtniNsVJY,1540995120,302,api.mch.weixin.qq.com,true,6000,8000,0,0,0,DB2EB80147988D8EF1C22A01F9F07A707E1CF26ED0907599D16C613CDA8043DE
2018-10-31 22:12:00,127 [pool-8-thread-1] INFO (WXPayReport.java:145)- get first report msg: v1,WXPaySDK/3.0.9,IGIjPX02vWaa0z8iqGWZPbKhtniNsVJY,1540995120,302,api.mch.weixin.qq.com,true,6000,8000,0,0,0,DB2EB80147988D8EF1C22A01F9F07A707E1CF26ED0907599D16C613CDA8043DE
2018-10-31 22:12:00,128 [pool-8-thread-1] INFO (WXPayReport.java:150)- try get remain report msg
2018-10-31 22:12:00,133 [http-nio-8080-exec-2] INFO (OrderFormServiceImpl.java:168)- {nonce_str=UCWHQYoEWpTewlFW, device_info=WEB, appid=wx6a1d6b060cea6721, sign=5D339504758C00842F043668120E490798AD42855B14C7CE6A542448854F2BD4, trade_type=JSAPI, return_msg=OK, result_code=SUCCESS, mch_id=1516206351, return_code=SUCCESS, prepay_id=wx3122115711065925e99c17cf1788623128}
2018-10-31 22:12:00,138 [http-nio-8080-exec-2] INFO (OrderFormServiceImpl.java:144)- {timeStamp=1540995120, package=prepay_id=wx3122115711065925e99c17cf1788623128, orderNo=20181031221159582, paySign=9A602EE1FEC47D77FE36D9F6B5795D4168128367A1AC0967FA3A83977699605E, orderId=77423b802a586e42b5747c235a79c208, signType=HMAC-SHA256, nonceStr=227B261A9ACD4E03BD26E2FF71E476F8}
2018-10-31 22:12:34,599 [http-nio-8080-exec-4] INFO (OrderFormServiceImpl.java:65)- 99999999999999999==================20181031221159582
2018-10-31 22:12:34,602 [http-nio-8080-exec-4] INFO (OrderFormServiceImpl.java:346)- 重复订单：20181031221159582
2018-10-31 22:12:35,398 [http-nio-8080-exec-4] INFO (WXPayReport.java:201)- report v1,WXPaySDK/3.0.9,ecDo5Z7jGl2mz8fW8iqMs9eHBbgLP7bz,1540995155,360,api.mch.weixin.qq.com,true,6000,8000,0,0,0,010D14027DC0C257289084F212E656F4D64524A85DF675B5B4E29FCAE5BA2934
2018-10-31 22:12:35,415 [http-nio-8080-exec-4] INFO (OrderFormServiceImpl.java:168)- {nonce_str=O1mTLjHhCFHr2dpz, device_info=WEB, appid=wx6a1d6b060cea6721, sign=71102BCED06DFBF1449587D8E7E0DDE0ED80E6B8EC83AD911B1456464E304A65, trade_type=JSAPI, return_msg=OK, result_code=SUCCESS, mch_id=1516206351, return_code=SUCCESS, prepay_id=wx312212323952991fca19cf810063162674}
2018-10-31 22:12:35,418 [http-nio-8080-exec-4] INFO (OrderFormServiceImpl.java:144)- {timeStamp=1540995155, package=prepay_id=wx312212323952991fca19cf810063162674, orderNo=20181031221234828, paySign=0F69CB06D8708FDD6B4D9CC63DE97DEC41E57D3A21ABFE066A84A2BAF99870A7, orderId=f22658daa8ea579b4e347d42f2190611, signType=HMAC-SHA256, nonceStr=D5898B9E9D6C40A7B0A85333255DAB0F}
2018-10-31 22:12:35,439 [pool-4-thread-1] INFO (WXPayReport.java:153)- get remain report msg: v1,WXPaySDK/3.0.9,ecDo5Z7jGl2mz8fW8iqMs9eHBbgLP7bz,1540995155,360,api.mch.weixin.qq.com,true,6000,8000,0,0,0,010D14027DC0C257289084F212E656F4D64524A85DF675B5B4E29FCAE5BA2934
2018-10-31 22:12:35,440 [pool-4-thread-1] INFO (WXPayReport.java:150)- try get remain report msg
2018-10-31 22:24:15,715 [http-nio-8080-exec-6] INFO (OrderFormServiceImpl.java:65)- 99999999999999999==================
2018-10-31 22:24:18,472 [http-nio-8080-exec-6] INFO (WXPayReport.java:201)- report v1,WXPaySDK/3.0.9,LjiPXivjceqL5khEl1ILoKfJlho2dcLj,1540995858,346,api.mch.weixin.qq.com,true,6000,8000,0,0,0,5941A390955E1550186B3DB11C8F36904EC279E3549723C3579118931993618C
2018-10-31 22:24:18,476 [pool-5-thread-1] INFO (WXPayReport.java:153)- get remain report msg: v1,WXPaySDK/3.0.9,LjiPXivjceqL5khEl1ILoKfJlho2dcLj,1540995858,346,api.mch.weixin.qq.com,true,6000,8000,0,0,0,5941A390955E1550186B3DB11C8F36904EC279E3549723C3579118931993618C
2018-10-31 22:24:18,477 [pool-5-thread-1] INFO (WXPayReport.java:150)- try get remain report msg
2018-10-31 22:24:18,481 [http-nio-8080-exec-6] INFO (OrderFormServiceImpl.java:168)- {nonce_str=aBWssvYq9FeZAL1f, device_info=WEB, appid=wx6a1d6b060cea6721, sign=4C307FB453D3B92C16EF48AB7D3519992EF3230647B911AF9A0D80F25575DA94, trade_type=JSAPI, return_msg=OK, result_code=SUCCESS, mch_id=1516206351, return_code=SUCCESS, prepay_id=wx312224154713895cf08344570367330974}
2018-10-31 22:24:18,483 [http-nio-8080-exec-6] INFO (OrderFormServiceImpl.java:144)- {timeStamp=1540995858, package=prepay_id=wx312224154713895cf08344570367330974, orderNo=20181031222417827, paySign=94D3F47444A2E4C30E22A54089244DEC13EB1E999561D44901E197CAFF38C9C0, orderId=f24d99c77d154291354b91e79d93b113, signType=HMAC-SHA256, nonceStr=72C6929F2E434AE5BB468A2A1B5376B8}
2018-10-31 22:28:16,863 [http-nio-8080-exec-5] INFO (OrderFormServiceImpl.java:65)- 99999999999999999==================
2018-10-31 22:28:17,664 [http-nio-8080-exec-5] INFO (WXPayReport.java:201)- report v1,WXPaySDK/3.0.9,ABHaoWk56nRz5utcuqd6C7IdrAyxSmNQ,1540996097,369,api.mch.weixin.qq.com,true,6000,8000,0,0,0,6E6A9DD9002004C9B69BFF94F03B2CE5BD2AD0C6815AADB46165B32030D61C2B
2018-10-31 22:28:17,667 [pool-6-thread-1] INFO (WXPayReport.java:153)- get remain report msg: v1,WXPaySDK/3.0.9,ABHaoWk56nRz5utcuqd6C7IdrAyxSmNQ,1540996097,369,api.mch.weixin.qq.com,true,6000,8000,0,0,0,6E6A9DD9002004C9B69BFF94F03B2CE5BD2AD0C6815AADB46165B32030D61C2B
2018-10-31 22:28:17,670 [pool-6-thread-1] INFO (WXPayReport.java:150)- try get remain report msg
2018-10-31 22:28:17,675 [http-nio-8080-exec-5] INFO (OrderFormServiceImpl.java:168)- {nonce_str=T1lbNOrkpKKeN4ba, device_info=WEB, appid=wx6a1d6b060cea6721, sign=D9B184DE55A71876EC272D609613EAB27A2262299DAAA4389DB20FDA37C3E89A, trade_type=JSAPI, return_msg=OK, result_code=SUCCESS, mch_id=1516206351, return_code=SUCCESS, prepay_id=wx312228146710591ff303fe1a2983550324}
2018-10-31 22:28:17,678 [http-nio-8080-exec-5] INFO (OrderFormServiceImpl.java:144)- {timeStamp=1540996097, package=prepay_id=wx312228146710591ff303fe1a2983550324, orderNo=20181031222816998, paySign=34ECBA6F15C3B02E3A752BA565CA25F9D43D0FDEE4C750FEBEAB18F615A16673, orderId=6f7b052f5b4c6d9d91815fc8b5cd6ca3, signType=HMAC-SHA256, nonceStr=E4070A1CB8354BF8BB057AE019D217F1}
2018-10-31 22:33:58,520 [http-nio-8080-exec-3] INFO (OrderFormServiceImpl.java:65)- 99999999999999999==================
2018-10-31 22:33:59,419 [http-nio-8080-exec-3] INFO (WXPayReport.java:201)- report v1,WXPaySDK/3.0.9,1WL9qS0sNN3HaNpQNrWnfKC5otrwhKa8,1540996439,357,api.mch.weixin.qq.com,true,6000,8000,0,0,0,1622FA32169C27781E95FB4F7BD563AFC7F6A03ACD51A9B1EAA7E866A0BFD466
2018-10-31 22:33:59,427 [http-nio-8080-exec-3] INFO (OrderFormServiceImpl.java:168)- {nonce_str=JVXzpyiYqFSdFUMR, device_info=WEB, appid=wx6a1d6b060cea6721, sign=FAA3D1A05596AECE52EC12F8E3D7D6D8C00E05E4FEE8B3A8B2CBA0F81E65D8EB, trade_type=JSAPI, return_msg=OK, result_code=SUCCESS, mch_id=1516206351, return_code=SUCCESS, prepay_id=wx31223356419859e40f6e36440168780008}
2018-10-31 22:33:59,430 [http-nio-8080-exec-3] INFO (OrderFormServiceImpl.java:144)- {timeStamp=1540996439, package=prepay_id=wx31223356419859e40f6e36440168780008, orderNo=20181031223358682, paySign=D38C9452ABEAB054CEF53F714FD0EB338E4E3F605341C204D116D103F9A7B418, orderId=33cd322c08464325851789412c709fce, signType=HMAC-SHA256, nonceStr=3D58B0001735430BA6581F7A4018ED3C}
2018-10-31 22:33:59,453 [pool-7-thread-1] INFO (WXPayReport.java:153)- get remain report msg: v1,WXPaySDK/3.0.9,1WL9qS0sNN3HaNpQNrWnfKC5otrwhKa8,1540996439,357,api.mch.weixin.qq.com,true,6000,8000,0,0,0,1622FA32169C27781E95FB4F7BD563AFC7F6A03ACD51A9B1EAA7E866A0BFD466
2018-10-31 22:33:59,455 [pool-7-thread-1] INFO (WXPayReport.java:150)- try get remain report msg
2018-10-31 22:35:49,831 [http-nio-8080-exec-2] INFO (OrderFormServiceImpl.java:65)- 99999999999999999==================
2018-10-31 22:35:50,960 [http-nio-8080-exec-2] INFO (WXPayReport.java:201)- report v1,WXPaySDK/3.0.9,0Yb9DSodmbQoAkZcJzbJqNexjMW78jzV,1540996550,396,api.mch.weixin.qq.com,true,6000,8000,0,0,0,4F15DFA7A1F7A83E5ED1CC71A9DC6CC314E4F5A403CEDBEAF42A52061BA3897A
2018-10-31 22:35:50,963 [pool-9-thread-1] INFO (WXPayReport.java:153)- get remain report msg: v1,WXPaySDK/3.0.9,0Yb9DSodmbQoAkZcJzbJqNexjMW78jzV,1540996550,396,api.mch.weixin.qq.com,true,6000,8000,0,0,0,4F15DFA7A1F7A83E5ED1CC71A9DC6CC314E4F5A403CEDBEAF42A52061BA3897A
2018-10-31 22:35:50,966 [pool-9-thread-1] INFO (WXPayReport.java:150)- try get remain report msg
2018-10-31 22:35:50,970 [http-nio-8080-exec-2] INFO (OrderFormServiceImpl.java:168)- {nonce_str=egRPrYgMTQFKSWFl, device_info=WEB, appid=wx6a1d6b060cea6721, sign=0C5A361664F3985471FEC0DE91D5AC2D6617354C9516CA32144E1AA65D1C4FAC, trade_type=JSAPI, return_msg=OK, result_code=SUCCESS, mch_id=1516206351, return_code=SUCCESS, prepay_id=wx31223547957055cf34f99a691424046174}
2018-10-31 22:35:50,973 [http-nio-8080-exec-2] INFO (OrderFormServiceImpl.java:144)- {timeStamp=1540996550, package=prepay_id=wx31223547957055cf34f99a691424046174, orderNo=20181031223550270, paySign=93834ACD048AC5A2C4685EA012E949A9FCB23752C5050EFA6589971ADE0DEED7, orderId=169c24ebede5861f533e94aad46405bd, signType=HMAC-SHA256, nonceStr=8F59D6F5B0AB441AB2B10DF086835CB5}
2018-10-31 22:37:51,589 [http-nio-8080-exec-4] INFO (OrderFormServiceImpl.java:65)- 99999999999999999==================
2018-10-31 22:37:52,559 [http-nio-8080-exec-4] INFO (WXPayReport.java:201)- report v1,WXPaySDK/3.0.9,OtUo6tLIIwqWYGa2oLL7yVR0Q0dV0DCI,1540996672,546,api.mch.weixin.qq.com,true,6000,8000,0,0,0,1BFF8423218FCA2F9C1DA6608B403C9B4FED6B95CB8E9443F07C4FA5C200158D
2018-10-31 22:37:52,562 [pool-8-thread-1] INFO (WXPayReport.java:153)- get remain report msg: v1,WXPaySDK/3.0.9,OtUo6tLIIwqWYGa2oLL7yVR0Q0dV0DCI,1540996672,546,api.mch.weixin.qq.com,true,6000,8000,0,0,0,1BFF8423218FCA2F9C1DA6608B403C9B4FED6B95CB8E9443F07C4FA5C200158D
2018-10-31 22:37:52,564 [pool-8-thread-1] INFO (WXPayReport.java:150)- try get remain report msg
2018-10-31 22:37:52,569 [http-nio-8080-exec-4] INFO (OrderFormServiceImpl.java:168)- {nonce_str=rYLb50V7qPB5QldH, device_info=WEB, appid=wx6a1d6b060cea6721, sign=64194E8859F3E42335FBA165DB8323EB702B8DC27A7783D109C7856872A2237D, trade_type=JSAPI, return_msg=OK, result_code=SUCCESS, mch_id=1516206351, return_code=SUCCESS, prepay_id=wx31223749585623055fbbff6d1253890333}
2018-10-31 22:37:52,572 [http-nio-8080-exec-4] INFO (OrderFormServiceImpl.java:144)- {timeStamp=1540996672, package=prepay_id=wx31223749585623055fbbff6d1253890333, orderNo=20181031223751720, paySign=6ADE78FE9DE7ECAFA2B0B511AB64363D9A89B79C8B29E41ED70CD4E01CEA2B82, orderId=6c6a0c400e50e40b2ff65cf81d514b9b, signType=HMAC-SHA256, nonceStr=A2DD35F3C04B43B18DA5CC2C84FECC9E}
2018-10-31 22:41:41,461 [http-nio-8080-exec-6] INFO (OrderFormServiceImpl.java:65)- 99999999999999999==================
2018-10-31 22:41:43,628 [http-nio-8080-exec-6] INFO (WXPayReport.java:201)- report v1,WXPaySDK/3.0.9,ulaZJAYNRDqlcQpAufaP0wYQPQXCMq3u,1540996903,538,api.mch.weixin.qq.com,true,6000,8000,0,0,0,0C6A53342A545E46BEB4E2C11003DCF6FE051D8F53A5F0FB51AE7291DDD60E07
2018-10-31 22:41:43,646 [http-nio-8080-exec-6] INFO (OrderFormServiceImpl.java:168)- {nonce_str=76lUwaV9HwmJJip1, device_info=WEB, appid=wx6a1d6b060cea6721, sign=CBEAFA520299792E2BC0145A7293AE78E99CAFE341F884B283DD0DCAEA3EF049, trade_type=JSAPI, return_msg=OK, result_code=SUCCESS, mch_id=1516206351, return_code=SUCCESS, prepay_id=wx31224140634273b3705a2fd20269433490}
2018-10-31 22:41:43,651 [http-nio-8080-exec-6] INFO (OrderFormServiceImpl.java:144)- {timeStamp=1540996903, package=prepay_id=wx31224140634273b3705a2fd20269433490, orderNo=20181031224141994, paySign=F16CDCDACF443E57AE173EDEB7DD7BD4B9B09FDF1BF4850A8AF9B8AF20DE7621, orderId=5b78b3b92c781298f1a64fcf24e80169, signType=HMAC-SHA256, nonceStr=481B1A57F96A4365A8A3B744E03A6746}
2018-10-31 22:41:43,659 [pool-4-thread-1] INFO (WXPayReport.java:153)- get remain report msg: v1,WXPaySDK/3.0.9,ulaZJAYNRDqlcQpAufaP0wYQPQXCMq3u,1540996903,538,api.mch.weixin.qq.com,true,6000,8000,0,0,0,0C6A53342A545E46BEB4E2C11003DCF6FE051D8F53A5F0FB51AE7291DDD60E07
2018-10-31 22:41:43,662 [pool-4-thread-1] INFO (WXPayReport.java:150)- try get remain report msg
