2018-11-21 22:33:33,226 [main] INFO (StartupInfoLogger.java:48)- Starting Application on N5RAIK9YN90FD4N with PID 7164 (started by Administrator in E:\新建文件夹\dianc\QiHeiDeHuaZhiGouHuo-spring-2-master\spring-2)
2018-11-21 22:33:33,252 [main] INFO (SpringApplication.java:593)- No active profile set, falling back to default profiles: default
2018-11-21 22:33:33,483 [main] INFO (AbstractApplicationContext.java:583)- Refreshing org.springframework.boot.context.embedded.AnnotationConfigEmbeddedWebApplicationContext@6ef888f6: startup date [Wed Nov 21 22:33:33 CST 2018]; root of context hierarchy
2018-11-21 22:33:36,236 [main] INFO (XmlBeanDefinitionReader.java:317)- Loading XML bean definitions from file [E:\新建文件夹\dianc\QiHeiDeHuaZhiGouHuo-spring-2-master\spring-2\target\classes\spring\spring-aop.xml]
2018-11-21 22:33:36,584 [main] INFO (XmlBeanDefinitionReader.java:317)- Loading XML bean definitions from file [E:\新建文件夹\dianc\QiHeiDeHuaZhiGouHuo-spring-2-master\spring-2\target\classes\spring\spring-mvc.xml]
2018-11-21 22:33:37,343 [main] INFO (RepositoryConfigurationDelegate.java:165)- Multiple Spring Data modules found, entering strict repository configuration mode!
2018-11-21 22:33:38,168 [main] INFO (PostProcessorRegistrationDelegate.java:325)- Bean 'commonConfig' of type [com.example.demo.config.bean.CommonConfig$$EnhancerBySpringCGLIB$$bec25b31] is not eligible for getting processed by all BeanPostProcessors (for example: not eligible for auto-proxying)
2018-11-21 22:33:38,237 [main] INFO (PostProcessorRegistrationDelegate.java:325)- Bean 'messageSource' of type [org.springframework.context.support.ReloadableResourceBundleMessageSource] is not eligible for getting processed by all BeanPostProcessors (for example: not eligible for auto-proxying)
2018-11-21 22:33:38,373 [main] INFO (PostProcessorRegistrationDelegate.java:325)- Bean 'validator' of type [org.springframework.validation.beanvalidation.LocalValidatorFactoryBean] is not eligible for getting processed by all BeanPostProcessors (for example: not eligible for auto-proxying)
2018-11-21 22:33:38,426 [main] INFO (PostProcessorRegistrationDelegate.java:325)- Bean 'org.springframework.amqp.rabbit.annotation.RabbitBootstrapConfiguration' of type [org.springframework.amqp.rabbit.annotation.RabbitBootstrapConfiguration$$EnhancerBySpringCGLIB$$d66f361] is not eligible for getting processed by all BeanPostProcessors (for example: not eligible for auto-proxying)
2018-11-21 22:33:39,709 [main] INFO (TomcatEmbeddedServletContainer.java:89)- Tomcat initialized with port(s): 8080 (http)
2018-11-21 22:33:39,739 [main] INFO (DirectJDKLog.java:179)- Starting service [Tomcat]
2018-11-21 22:33:39,748 [main] INFO (DirectJDKLog.java:179)- Starting Servlet Engine: Apache Tomcat/8.5.15
2018-11-21 22:33:40,022 [localhost-startStop-1] INFO (DirectJDKLog.java:179)- Initializing Spring embedded WebApplicationContext
2018-11-21 22:33:40,023 [localhost-startStop-1] INFO (EmbeddedWebApplicationContext.java:276)- Root WebApplicationContext: initialization completed in 6540 ms
2018-11-21 22:33:40,475 [localhost-startStop-1] INFO (ServletRegistrationBean.java:190)- Mapping servlet: 'dispatcherServlet' to [/]
2018-11-21 22:33:40,478 [localhost-startStop-1] INFO (ServletRegistrationBean.java:190)- Mapping servlet: 'statViewServlet' to [/druid/*]
2018-11-21 22:33:40,483 [localhost-startStop-1] INFO (AbstractFilterRegistrationBean.java:258)- Mapping filter: 'characterEncodingFilter' to: [/*]
2018-11-21 22:33:40,484 [localhost-startStop-1] INFO (AbstractFilterRegistrationBean.java:258)- Mapping filter: 'hiddenHttpMethodFilter' to: [/*]
2018-11-21 22:33:40,485 [localhost-startStop-1] INFO (AbstractFilterRegistrationBean.java:258)- Mapping filter: 'httpPutFormContentFilter' to: [/*]
2018-11-21 22:33:40,485 [localhost-startStop-1] INFO (AbstractFilterRegistrationBean.java:258)- Mapping filter: 'requestContextFilter' to: [/*]
2018-11-21 22:33:40,486 [localhost-startStop-1] INFO (AbstractFilterRegistrationBean.java:271)- Mapping filter: 'webStatFilter' to urls: [/*]
2018-11-21 22:33:40,486 [localhost-startStop-1] INFO (AbstractFilterRegistrationBean.java:258)- Mapping filter: 'webContextFilter' to: [/*]
2018-11-21 22:33:44,221 [main] INFO (RequestMappingHandlerAdapter.java:534)- Looking for @ControllerAdvice: org.springframework.boot.context.embedded.AnnotationConfigEmbeddedWebApplicationContext@6ef888f6: startup date [Wed Nov 21 22:33:33 CST 2018]; root of context hierarchy
2018-11-21 22:33:44,372 [main] INFO (AbstractHandlerMethodMapping.java:543)- Mapped "{[/admin/login],methods=[GET]}" onto public com.example.demo.config.bean.entity.ResultMap com.example.demo.controller.AdminController.login(java.lang.String,java.lang.String)
2018-11-21 22:33:44,376 [main] INFO (AbstractHandlerMethodMapping.java:543)- Mapped "{[/customer/select/one/by/phone],methods=[GET]}" onto public com.example.demo.config.bean.entity.ResultMap com.example.demo.controller.CustomerController.selectCusmByPhone(java.lang.String)
2018-11-21 22:33:44,376 [main] INFO (AbstractHandlerMethodMapping.java:543)- Mapped "{[/customer/select/all/for/cusm],methods=[GET]}" onto public com.example.demo.config.bean.entity.ResultMap com.example.demo.controller.CustomerController.selectAllCustomer(java.lang.Integer,java.lang.Integer)
2018-11-21 22:33:44,377 [main] INFO (AbstractHandlerMethodMapping.java:543)- Mapped "{[/customer/update/status],methods=[GET]}" onto public com.example.demo.config.bean.entity.ResultMap com.example.demo.controller.CustomerController.updateCusmStatue(java.lang.String,java.lang.Integer)
2018-11-21 22:33:44,387 [main] INFO (AbstractHandlerMethodMapping.java:543)- Mapped "{[/file/upload/a/multipart/file],methods=[POST]}" onto public com.example.demo.config.bean.entity.ResultMap com.example.demo.controller.FileUploadController.aMultipartFile(org.springframework.web.multipart.MultipartFile)
2018-11-21 22:33:44,394 [main] INFO (AbstractHandlerMethodMapping.java:543)- Mapped "{[/food/update],methods=[POST]}" onto public com.example.demo.config.bean.entity.ResultMap com.example.demo.controller.FoodController.update(java.lang.String,java.lang.String,java.lang.String,java.lang.Double,java.lang.String,java.lang.String,java.lang.Integer,java.lang.Integer,java.lang.String,java.lang.String,java.lang.String)
2018-11-21 22:33:44,395 [main] INFO (AbstractHandlerMethodMapping.java:543)- Mapped "{[/food/delete/one/by/id],methods=[POST]}" onto public com.example.demo.config.bean.entity.ResultMap com.example.demo.controller.FoodController.delete(java.lang.String)
2018-11-21 22:33:44,396 [main] INFO (AbstractHandlerMethodMapping.java:543)- Mapped "{[/food/create],methods=[POST]}" onto public com.example.demo.config.bean.entity.ResultMap com.example.demo.controller.FoodController.create(java.lang.String,java.lang.String,java.lang.Double,java.lang.String,java.lang.String,java.lang.Integer,java.lang.Integer,java.lang.String,java.lang.String,java.lang.String)
2018-11-21 22:33:44,397 [main] INFO (AbstractHandlerMethodMapping.java:543)- Mapped "{[/food/select/all],methods=[GET]}" onto public com.example.demo.config.bean.entity.ResultMap com.example.demo.controller.FoodController.selectAll()
2018-11-21 22:33:44,397 [main] INFO (AbstractHandlerMethodMapping.java:543)- Mapped "{[/food/select/one/by/id],methods=[GET]}" onto public com.example.demo.config.bean.entity.ResultMap com.example.demo.controller.FoodController.selectOneById(java.lang.String)
2018-11-21 22:33:44,398 [main] INFO (AbstractHandlerMethodMapping.java:543)- Mapped "{[/food/select/all/for/sys],methods=[GET]}" onto public com.example.demo.config.bean.entity.ResultMap com.example.demo.controller.FoodController.selectAllForSys(java.lang.Integer,java.lang.Integer)
2018-11-21 22:33:44,406 [main] INFO (AbstractHandlerMethodMapping.java:543)- Mapped "{[/menu/classify/update],methods=[POST]}" onto public com.example.demo.config.bean.entity.ResultMap com.example.demo.controller.MenuClassifyController.update(java.lang.String,java.lang.String,java.lang.Integer)
2018-11-21 22:33:44,407 [main] INFO (AbstractHandlerMethodMapping.java:543)- Mapped "{[/menu/classify/delete],methods=[POST]}" onto public com.example.demo.config.bean.entity.ResultMap com.example.demo.controller.MenuClassifyController.delete(java.lang.String)
2018-11-21 22:33:44,408 [main] INFO (AbstractHandlerMethodMapping.java:543)- Mapped "{[/menu/classify/create],methods=[POST]}" onto public com.example.demo.config.bean.entity.ResultMap com.example.demo.controller.MenuClassifyController.create(java.lang.String,java.lang.Integer)
2018-11-21 22:33:44,409 [main] INFO (AbstractHandlerMethodMapping.java:543)- Mapped "{[/menu/classify/select/all],methods=[GET]}" onto public com.example.demo.config.bean.entity.ResultMap com.example.demo.controller.MenuClassifyController.selectAll()
2018-11-21 22:33:44,410 [main] INFO (AbstractHandlerMethodMapping.java:543)- Mapped "{[/menu/classify/select/one/by/id],methods=[GET]}" onto public com.example.demo.config.bean.entity.ResultMap com.example.demo.controller.MenuClassifyController.selectOneById(java.lang.String)
2018-11-21 22:33:44,410 [main] INFO (AbstractHandlerMethodMapping.java:543)- Mapped "{[/menu/classify/select/all/for/sys],methods=[GET]}" onto public com.example.demo.config.bean.entity.ResultMap com.example.demo.controller.MenuClassifyController.selectAllForSys(java.lang.Integer,java.lang.Integer)
2018-11-21 22:33:44,413 [main] INFO (AbstractHandlerMethodMapping.java:543)- Mapped "{[/order/form/update],methods=[POST]}" onto public com.example.demo.config.bean.entity.ResultMap com.example.demo.controller.OrderFormController.update(java.lang.String,java.lang.Integer)
2018-11-21 22:33:44,414 [main] INFO (AbstractHandlerMethodMapping.java:543)- Mapped "{[/order/form/create],methods=[POST]}" onto public com.example.demo.config.bean.entity.ResultMap com.example.demo.controller.OrderFormController.create(com.example.demo.pojo.po.OrderFormPo,java.lang.String)
2018-11-21 22:33:44,414 [main] INFO (AbstractHandlerMethodMapping.java:543)- Mapped "{[/order/form/select/all],methods=[GET]}" onto public com.example.demo.config.bean.entity.ResultMap com.example.demo.controller.OrderFormController.selectAll(java.lang.String,java.lang.Boolean,java.lang.String,java.lang.Integer,java.lang.Integer)
2018-11-21 22:33:44,415 [main] INFO (AbstractHandlerMethodMapping.java:543)- Mapped "{[/order/form/select/one/by/id],methods=[GET]}" onto public com.example.demo.config.bean.entity.ResultMap com.example.demo.controller.OrderFormController.selectOneById(java.lang.String)
2018-11-21 22:33:44,416 [main] INFO (AbstractHandlerMethodMapping.java:543)- Mapped "{[/order/form/wx/notify],methods=[GET || POST]}" onto public java.lang.Object com.example.demo.controller.OrderFormController.wxNotify()
2018-11-21 22:33:44,417 [main] INFO (AbstractHandlerMethodMapping.java:543)- Mapped "{[/phone/code/check/for/{business}],methods=[GET]}" onto public java.lang.Object com.example.demo.controller.PhoneCodeController.checkForBusiness(java.lang.String,java.lang.String,java.lang.String,java.lang.String)
2018-11-21 22:33:44,418 [main] INFO (AbstractHandlerMethodMapping.java:543)- Mapped "{[/phone/code/send/for/{business}],methods=[GET]}" onto public java.lang.Object com.example.demo.controller.PhoneCodeController.sendForBusiness(java.lang.String,java.lang.String,java.lang.String)
2018-11-21 22:33:44,420 [main] INFO (AbstractHandlerMethodMapping.java:543)- Mapped "{[/sys/menu/first/update],methods=[POST]}" onto public com.example.demo.config.bean.entity.ResultMap com.example.demo.controller.SysMenuFirstController.update(java.lang.String,java.lang.String,java.lang.Integer)
2018-11-21 22:33:44,421 [main] INFO (AbstractHandlerMethodMapping.java:543)- Mapped "{[/sys/menu/first/delete],methods=[POST]}" onto public com.example.demo.config.bean.entity.ResultMap com.example.demo.controller.SysMenuFirstController.delete(java.lang.String)
2018-11-21 22:33:44,422 [main] INFO (AbstractHandlerMethodMapping.java:543)- Mapped "{[/sys/menu/first/create],methods=[POST]}" onto public com.example.demo.config.bean.entity.ResultMap com.example.demo.controller.SysMenuFirstController.create(java.lang.String,java.lang.Integer)
2018-11-21 22:33:44,423 [main] INFO (AbstractHandlerMethodMapping.java:543)- Mapped "{[/sys/menu/first/select/all],methods=[GET]}" onto public com.example.demo.config.bean.entity.ResultMap com.example.demo.controller.SysMenuFirstController.selectAll()
2018-11-21 22:33:44,425 [main] INFO (AbstractHandlerMethodMapping.java:543)- Mapped "{[/sys/menu/second/update],methods=[POST]}" onto public com.example.demo.config.bean.entity.ResultMap com.example.demo.controller.SysMenuSecondController.update(java.lang.String,java.lang.String,java.lang.String,java.lang.String,java.lang.Integer)
2018-11-21 22:33:44,426 [main] INFO (AbstractHandlerMethodMapping.java:543)- Mapped "{[/sys/menu/second/delete],methods=[POST]}" onto public com.example.demo.config.bean.entity.ResultMap com.example.demo.controller.SysMenuSecondController.delete(java.lang.String)
2018-11-21 22:33:44,427 [main] INFO (AbstractHandlerMethodMapping.java:543)- Mapped "{[/sys/menu/second/create],methods=[POST]}" onto public com.example.demo.config.bean.entity.ResultMap com.example.demo.controller.SysMenuSecondController.create(java.lang.String,java.lang.String,java.lang.String,java.lang.Integer)
2018-11-21 22:33:44,427 [main] INFO (AbstractHandlerMethodMapping.java:543)- Mapped "{[/sys/menu/second/select/all],methods=[GET]}" onto public com.example.demo.config.bean.entity.ResultMap com.example.demo.controller.SysMenuSecondController.selectAll()
2018-11-21 22:33:44,429 [main] INFO (AbstractHandlerMethodMapping.java:543)- Mapped "{[/test],methods=[GET]}" onto public java.lang.Object com.example.demo.controller.TestController.test()
2018-11-21 22:33:44,429 [main] INFO (AbstractHandlerMethodMapping.java:543)- Mapped "{[/xxx],methods=[GET]}" onto public java.lang.Object com.example.demo.controller.TestController.xxx(javax.servlet.http.HttpServletRequest,java.util.Map<java.lang.String, java.lang.Object>)
2018-11-21 22:33:44,430 [main] INFO (AbstractHandlerMethodMapping.java:543)- Mapped "{[/ddd],methods=[GET]}" onto public java.lang.Object com.example.demo.controller.TestController.ddd(javax.servlet.http.HttpServletRequest,java.util.Map<java.lang.String, java.lang.Object>)
2018-11-21 22:33:44,432 [main] INFO (AbstractHandlerMethodMapping.java:543)- Mapped "{[/user/update],methods=[POST]}" onto public com.example.demo.config.bean.entity.ResultMap com.example.demo.controller.UserController.update(java.lang.String,java.lang.String,java.lang.String,java.lang.String)
2018-11-21 22:33:44,433 [main] INFO (AbstractHandlerMethodMapping.java:543)- Mapped "{[/user/login],methods=[POST]}" onto public com.example.demo.config.bean.entity.ResultMap com.example.demo.controller.UserController.login(java.lang.String,java.lang.String,java.lang.String,java.lang.String)
2018-11-21 22:33:44,434 [main] INFO (AbstractHandlerMethodMapping.java:543)- Mapped "{[/user/select/all],methods=[GET]}" onto public com.example.demo.config.bean.entity.ResultMap com.example.demo.controller.UserController.selectAll(java.lang.Integer,java.lang.Integer)
2018-11-21 22:33:44,435 [main] INFO (AbstractHandlerMethodMapping.java:543)- Mapped "{[/user/select/user/by/id],methods=[GET]}" onto public com.example.demo.config.bean.entity.ResultMap com.example.demo.controller.UserController.selectUserById(java.lang.String)
2018-11-21 22:33:44,438 [main] INFO (AbstractHandlerMethodMapping.java:543)- Mapped "{[/error]}" onto public org.springframework.http.ResponseEntity<java.util.Map<java.lang.String, java.lang.Object>> org.springframework.boot.autoconfigure.web.BasicErrorController.error(javax.servlet.http.HttpServletRequest)
2018-11-21 22:33:44,439 [main] INFO (AbstractHandlerMethodMapping.java:543)- Mapped "{[/error],produces=[text/html]}" onto public org.springframework.web.servlet.ModelAndView org.springframework.boot.autoconfigure.web.BasicErrorController.errorHtml(javax.servlet.http.HttpServletRequest,javax.servlet.http.HttpServletResponse)
2018-11-21 22:33:44,485 [main] INFO (AbstractUrlHandlerMapping.java:349)- Root mapping to handler of type [class org.springframework.web.servlet.mvc.ParameterizableViewController]
2018-11-21 22:33:44,520 [main] INFO (AbstractUrlHandlerMapping.java:362)- Mapped URL path [/webjars/**] onto handler of type [class org.springframework.web.servlet.resource.ResourceHttpRequestHandler]
2018-11-21 22:33:44,521 [main] INFO (AbstractUrlHandlerMapping.java:362)- Mapped URL path [/**] onto handler of type [class org.springframework.web.servlet.resource.ResourceHttpRequestHandler]
2018-11-21 22:33:44,559 [main] INFO (ExceptionHandlerExceptionResolver.java:273)- Detected @ExceptionHandler methods in controllerAdviceController
2018-11-21 22:33:44,600 [main] INFO (AbstractUrlHandlerMapping.java:362)- Mapped URL path [/**/favicon.ico] onto handler of type [class org.springframework.web.servlet.resource.ResourceHttpRequestHandler]
2018-11-21 22:33:44,683 [main] INFO (WebMvcAutoConfiguration.java:549)- Adding welcome page: class path resource [static/index.html]
2018-11-21 22:33:45,758 [main] INFO (MBeanExporter.java:431)- Registering beans for JMX exposure on startup
2018-11-21 22:33:45,762 [main] INFO (MBeanExporter.java:916)- Bean with name 'dataSource' has been autodetected for JMX exposure
2018-11-21 22:33:45,772 [main] INFO (MBeanExporter.java:916)- Bean with name 'rabbitConnectionFactory' has been autodetected for JMX exposure
2018-11-21 22:33:45,776 [main] INFO (MBeanExporter.java:671)- Located MBean 'dataSource': registering with JMX server as MBean [com.alibaba.druid.pool:name=dataSource,type=DruidDataSource]
2018-11-21 22:33:45,819 [main] INFO (MBeanExporter.java:678)- Located managed bean 'rabbitConnectionFactory': registering with JMX server as MBean [org.springframework.amqp.rabbit.connection:name=rabbitConnectionFactory,type=CachingConnectionFactory]
2018-11-21 22:33:45,865 [main] INFO (DefaultLifecycleProcessor.java:343)- Starting beans in phase -2147482648
2018-11-21 22:33:45,866 [main] INFO (DefaultLifecycleProcessor.java:343)- Starting beans in phase 2147483647
2018-11-21 22:33:46,054 [main] INFO (TomcatEmbeddedServletContainer.java:201)- Tomcat started on port(s): 8080 (http)
2018-11-21 22:33:46,081 [main] INFO (StartupInfoLogger.java:57)- Started Application in 13.73 seconds (JVM running for 15.16)
2018-11-21 22:33:46,081 [main] INFO (Application.java:17)- 启动完毕...
2018-11-21 23:02:03,726 [http-nio-8080-exec-1] INFO (DirectJDKLog.java:179)- Initializing Spring FrameworkServlet 'dispatcherServlet'
2018-11-21 23:02:03,727 [http-nio-8080-exec-1] INFO (FrameworkServlet.java:489)- FrameworkServlet 'dispatcherServlet': initialization started
2018-11-21 23:02:03,792 [http-nio-8080-exec-1] INFO (FrameworkServlet.java:508)- FrameworkServlet 'dispatcherServlet': initialization completed in 65 ms
2018-11-21 23:02:04,288 [http-nio-8080-exec-2] INFO (DruidDataSource.java:847)- {dataSource-1} inited
